2015-06-02 18:10:24 DEBUG ClientManager:38 - Opening the connection.
2015-06-02 18:10:24 INFO  PropertiesUtilities:31 - Property file loaded successfully.
2015-06-02 18:10:24 DEBUG ClientManager:45 - Sending the request.
2015-06-02 18:10:24 DEBUG ClientManager:54 - Receiving the response.
2015-06-02 18:10:24 INFO  ClientManager:60 - RESPONSE: Session id received - 2
2015-06-02 18:10:24 DEBUG ClientManager:68 - Completed.
2015-06-02 18:10:24 DEBUG ClientManager:38 - Opening the connection.
2015-06-02 18:10:24 DEBUG ClientManager:45 - Sending the request.
2015-06-02 18:10:24 DEBUG ClientManager:54 - Receiving the response.
2015-06-02 18:10:24 INFO  ClientManager:63 - RESPONSE: {"name":"Content Adminopoulos","username":"contentable","password":"0E4D7DDF18FEE3FABC96B233950F87DF"}
2015-06-02 18:10:24 DEBUG ClientManager:68 - Completed.
2015-06-02 18:10:24 DEBUG ClientManager:38 - Opening the connection.
2015-06-02 18:10:24 DEBUG ClientManager:45 - Sending the request.
2015-06-02 18:10:24 DEBUG ClientManager:54 - Receiving the response.
2015-06-02 18:10:24 INFO  ClientManager:60 - RESPONSE: Session id received - 3
2015-06-02 18:10:24 DEBUG ClientManager:68 - Completed.
2015-06-02 18:10:24 DEBUG ClientManager:38 - Opening the connection.
2015-06-02 18:10:24 DEBUG ClientManager:45 - Sending the request.
2015-06-02 18:10:24 DEBUG ClientManager:54 - Receiving the response.
2015-06-02 18:10:24 INFO  ClientManager:63 - RESPONSE: {"id":0,"title":"Kati trexei me ti Mairi0","category":"Commedy","description":"Polu orraia tainia"}
2015-06-02 18:10:24 DEBUG ClientManager:68 - Completed.
2015-06-02 18:10:24 DEBUG ClientManager:38 - Opening the connection.
2015-06-02 18:10:24 DEBUG ClientManager:45 - Sending the request.
2015-06-02 18:10:24 DEBUG ClientManager:54 - Receiving the response.
2015-06-02 18:10:24 INFO  ClientManager:63 - RESPONSE: {"id":1,"title":"Kati trexei me ti Mairi1","category":"Commedy","description":"Polu orraia tainia"}
2015-06-02 18:10:24 DEBUG ClientManager:68 - Completed.
2015-06-02 18:10:24 DEBUG ClientManager:38 - Opening the connection.
2015-06-02 18:10:24 DEBUG ClientManager:45 - Sending the request.
2015-06-02 18:10:24 DEBUG ClientManager:54 - Receiving the response.
2015-06-02 18:10:24 INFO  ClientManager:63 - RESPONSE: {"id":2,"title":"Kati trexei me ti Mairi2","category":"Commedy","description":"Polu orraia tainia"}
2015-06-02 18:10:24 DEBUG ClientManager:68 - Completed.
2015-06-02 18:10:24 DEBUG ClientManager:38 - Opening the connection.
2015-06-02 18:10:24 DEBUG ClientManager:45 - Sending the request.
2015-06-02 18:10:24 DEBUG ClientManager:54 - Receiving the response.
2015-06-02 18:10:24 INFO  ClientManager:63 - RESPONSE: {"id":3,"title":"Kati trexei me ti Mairi3","category":"Commedy","description":"Polu orraia tainia"}
2015-06-02 18:10:24 DEBUG ClientManager:68 - Completed.
2015-06-02 18:10:24 DEBUG ClientManager:38 - Opening the connection.
2015-06-02 18:10:24 DEBUG ClientManager:45 - Sending the request.
2015-06-02 18:10:24 DEBUG ClientManager:54 - Receiving the response.
2015-06-02 18:10:24 INFO  ClientManager:63 - RESPONSE: {"id":4,"title":"Kati trexei me ti Mairi4","category":"Commedy","description":"Polu orraia tainia"}
2015-06-02 18:10:24 DEBUG ClientManager:68 - Completed.
2015-06-02 18:10:24 DEBUG ClientManager:38 - Opening the connection.
2015-06-02 18:10:24 DEBUG ClientManager:45 - Sending the request.
2015-06-02 18:10:24 DEBUG ClientManager:54 - Receiving the response.
2015-06-02 18:10:24 INFO  ClientManager:63 - RESPONSE: {"id":5,"title":"Kati trexei me ti Mairi5","category":"Commedy","description":"Polu orraia tainia"}
2015-06-02 18:10:24 DEBUG ClientManager:68 - Completed.
2015-06-02 18:10:24 DEBUG ClientManager:38 - Opening the connection.
2015-06-02 18:10:24 DEBUG ClientManager:45 - Sending the request.
2015-06-02 18:10:24 DEBUG ClientManager:54 - Receiving the response.
2015-06-02 18:10:24 INFO  ClientManager:63 - RESPONSE: {"id":6,"title":"Kati trexei me ti Mairi6","category":"Commedy","description":"Polu orraia tainia"}
2015-06-02 18:10:24 DEBUG ClientManager:68 - Completed.
2015-06-02 18:10:24 DEBUG ClientManager:38 - Opening the connection.
2015-06-02 18:10:24 DEBUG ClientManager:45 - Sending the request.
2015-06-02 18:10:24 DEBUG ClientManager:54 - Receiving the response.
2015-06-02 18:10:24 INFO  ClientManager:63 - RESPONSE: {"id":7,"title":"Kati trexei me ti Mairi7","category":"Commedy","description":"Polu orraia tainia"}
2015-06-02 18:10:24 DEBUG ClientManager:68 - Completed.
2015-06-02 18:10:24 DEBUG ClientManager:38 - Opening the connection.
2015-06-02 18:10:24 DEBUG ClientManager:45 - Sending the request.
2015-06-02 18:10:24 DEBUG ClientManager:54 - Receiving the response.
2015-06-02 18:10:24 INFO  ClientManager:63 - RESPONSE: {"id":8,"title":"Kati trexei me ti Mairi8","category":"Commedy","description":"Polu orraia tainia"}
2015-06-02 18:10:24 DEBUG ClientManager:68 - Completed.
2015-06-02 18:10:24 DEBUG ClientManager:38 - Opening the connection.
2015-06-02 18:10:24 DEBUG ClientManager:45 - Sending the request.
2015-06-02 18:10:24 DEBUG ClientManager:54 - Receiving the response.
2015-06-02 18:10:24 INFO  ClientManager:63 - RESPONSE: {"id":9,"title":"Kati trexei me ti Mairi9","category":"Commedy","description":"Polu orraia tainia"}
2015-06-02 18:10:24 DEBUG ClientManager:68 - Completed.
2015-06-02 18:10:24 DEBUG ClientManager:38 - Opening the connection.
2015-06-02 18:10:24 DEBUG ClientManager:45 - Sending the request.
2015-06-02 18:10:24 DEBUG ClientManager:54 - Receiving the response.
2015-06-02 18:10:24 INFO  ClientManager:63 - RESPONSE: {"id":10,"title":"Kati trexei me ti Mairi10","category":"Commedy","description":"Polu orraia tainia"}
2015-06-02 18:10:24 DEBUG ClientManager:68 - Completed.
2015-06-02 18:10:24 DEBUG ClientManager:38 - Opening the connection.
2015-06-02 18:10:24 DEBUG ClientManager:45 - Sending the request.
2015-06-02 18:10:24 DEBUG ClientManager:54 - Receiving the response.
2015-06-02 18:10:24 INFO  ClientManager:63 - RESPONSE: {"id":11,"title":"Kati trexei me ti Mairi11","category":"Commedy","description":"Polu orraia tainia"}
2015-06-02 18:10:24 DEBUG ClientManager:68 - Completed.
2015-06-02 18:10:24 DEBUG ClientManager:38 - Opening the connection.
2015-06-02 18:10:24 DEBUG ClientManager:45 - Sending the request.
2015-06-02 18:10:24 DEBUG ClientManager:54 - Receiving the response.
2015-06-02 18:10:24 INFO  ClientManager:63 - RESPONSE: {"id":12,"title":"Kati trexei me ti Mairi12","category":"Commedy","description":"Polu orraia tainia"}
2015-06-02 18:10:24 DEBUG ClientManager:68 - Completed.
2015-06-02 18:10:24 DEBUG ClientManager:38 - Opening the connection.
2015-06-02 18:10:24 DEBUG ClientManager:45 - Sending the request.
2015-06-02 18:10:24 DEBUG ClientManager:54 - Receiving the response.
2015-06-02 18:10:24 INFO  ClientManager:63 - RESPONSE: {"id":13,"title":"Kati trexei me ti Mairi13","category":"Commedy","description":"Polu orraia tainia"}
2015-06-02 18:10:24 DEBUG ClientManager:68 - Completed.
2015-06-02 18:10:24 DEBUG ClientManager:38 - Opening the connection.
2015-06-02 18:10:24 DEBUG ClientManager:45 - Sending the request.
2015-06-02 18:10:24 DEBUG ClientManager:54 - Receiving the response.
2015-06-02 18:10:24 INFO  ClientManager:63 - RESPONSE: {"id":14,"title":"Kati trexei me ti Mairi14","category":"Commedy","description":"Polu orraia tainia"}
2015-06-02 18:10:24 DEBUG ClientManager:68 - Completed.
2015-06-02 18:10:24 DEBUG ClientManager:38 - Opening the connection.
2015-06-02 18:10:24 DEBUG ClientManager:45 - Sending the request.
2015-06-02 18:10:24 DEBUG ClientManager:54 - Receiving the response.
2015-06-02 18:10:24 INFO  ClientManager:63 - RESPONSE: {"id":15,"title":"Kati trexei me ti Mairi15","category":"Commedy","description":"Polu orraia tainia"}
2015-06-02 18:10:24 DEBUG ClientManager:68 - Completed.
2015-06-02 18:10:24 DEBUG ClientManager:38 - Opening the connection.
2015-06-02 18:10:24 DEBUG ClientManager:45 - Sending the request.
2015-06-02 18:10:24 DEBUG ClientManager:54 - Receiving the response.
2015-06-02 18:10:24 INFO  ClientManager:63 - RESPONSE: {"id":16,"title":"Kati trexei me ti Mairi16","category":"Commedy","description":"Polu orraia tainia"}
2015-06-02 18:10:24 DEBUG ClientManager:68 - Completed.
2015-06-02 18:10:24 DEBUG ClientManager:38 - Opening the connection.
2015-06-02 18:10:24 DEBUG ClientManager:45 - Sending the request.
2015-06-02 18:10:24 DEBUG ClientManager:54 - Receiving the response.
2015-06-02 18:10:24 INFO  ClientManager:63 - RESPONSE: {"id":17,"title":"Kati trexei me ti Mairi17","category":"Commedy","description":"Polu orraia tainia"}
2015-06-02 18:10:24 DEBUG ClientManager:68 - Completed.
2015-06-02 18:10:24 DEBUG ClientManager:38 - Opening the connection.
2015-06-02 18:10:24 DEBUG ClientManager:45 - Sending the request.
2015-06-02 18:10:24 DEBUG ClientManager:54 - Receiving the response.
2015-06-02 18:10:24 INFO  ClientManager:63 - RESPONSE: {"id":18,"title":"Kati trexei me ti Mairi18","category":"Commedy","description":"Polu orraia tainia"}
2015-06-02 18:10:24 DEBUG ClientManager:68 - Completed.
2015-06-02 18:10:24 DEBUG ClientManager:38 - Opening the connection.
2015-06-02 18:10:24 DEBUG ClientManager:45 - Sending the request.
2015-06-02 18:10:24 DEBUG ClientManager:54 - Receiving the response.
2015-06-02 18:10:24 INFO  ClientManager:63 - RESPONSE: {"id":19,"title":"Kati trexei me ti Mairi19","category":"Commedy","description":"Polu orraia tainia"}
2015-06-02 18:10:24 DEBUG ClientManager:68 - Completed.
2015-06-02 18:10:32 DEBUG ClientManager:38 - Opening the connection.
2015-06-02 18:10:32 INFO  PropertiesUtilities:31 - Property file loaded successfully.
2015-06-02 18:10:32 DEBUG ClientManager:45 - Sending the request.
2015-06-02 18:10:32 DEBUG ClientManager:54 - Receiving the response.
2015-06-02 18:10:32 INFO  ClientManager:60 - RESPONSE: Session id received - 4
2015-06-02 18:10:32 DEBUG ClientManager:68 - Completed.
2015-06-02 18:10:32 DEBUG ClientManager:38 - Opening the connection.
2015-06-02 18:10:32 DEBUG ClientManager:45 - Sending the request.
2015-06-02 18:10:32 DEBUG ClientManager:54 - Receiving the response.
2015-06-02 18:10:32 INFO  ClientManager:63 - RESPONSE: {"name":"Content Adminopoulos","username":"contentable","password":"0E4D7DDF18FEE3FABC96B233950F87DF"}
2015-06-02 18:10:32 DEBUG ClientManager:68 - Completed.
2015-06-02 18:10:32 DEBUG ClientManager:38 - Opening the connection.
2015-06-02 18:10:32 DEBUG ClientManager:45 - Sending the request.
2015-06-02 18:10:32 DEBUG ClientManager:54 - Receiving the response.
2015-06-02 18:10:32 INFO  ClientManager:63 - RESPONSE: {"id":0,"filmId":0,"cinemaRoomId":-1,"startDate":"02.06.2015","endDate":"02.06.2015","numberOfReservations":-1166257546,"available":true}
2015-06-02 18:10:32 DEBUG ClientManager:68 - Completed.
2015-06-02 18:10:32 DEBUG ClientManager:38 - Opening the connection.
2015-06-02 18:10:32 DEBUG ClientManager:45 - Sending the request.
2015-06-02 18:10:32 DEBUG ClientManager:54 - Receiving the response.
2015-06-02 18:10:32 INFO  ClientManager:63 - RESPONSE: {"id":1,"filmId":1,"cinemaRoomId":-1,"startDate":"02.06.2015","endDate":"02.06.2015","numberOfReservations":1564841655,"available":false}
2015-06-02 18:10:32 DEBUG ClientManager:68 - Completed.
2015-06-02 18:10:32 DEBUG ClientManager:38 - Opening the connection.
2015-06-02 18:10:32 DEBUG ClientManager:45 - Sending the request.
2015-06-02 18:10:32 DEBUG ClientManager:54 - Receiving the response.
2015-06-02 18:10:32 INFO  ClientManager:63 - RESPONSE: {"id":2,"filmId":2,"cinemaRoomId":-1,"startDate":"02.06.2015","endDate":"02.06.2015","numberOfReservations":-52486579,"available":false}
2015-06-02 18:10:32 DEBUG ClientManager:68 - Completed.
2015-06-02 18:10:32 DEBUG ClientManager:38 - Opening the connection.
2015-06-02 18:10:32 DEBUG ClientManager:45 - Sending the request.
2015-06-02 18:10:32 DEBUG ClientManager:54 - Receiving the response.
2015-06-02 18:10:32 INFO  ClientManager:63 - RESPONSE: {"id":3,"filmId":0,"cinemaRoomId":-1,"startDate":"02.06.2015","endDate":"02.06.2015","numberOfReservations":158885860,"available":true}
2015-06-02 18:10:32 DEBUG ClientManager:68 - Completed.
2015-06-02 18:10:32 DEBUG ClientManager:38 - Opening the connection.
2015-06-02 18:10:32 DEBUG ClientManager:45 - Sending the request.
2015-06-02 18:10:32 DEBUG ClientManager:54 - Receiving the response.
2015-06-02 18:10:32 INFO  ClientManager:63 - RESPONSE: {"id":4,"filmId":1,"cinemaRoomId":-1,"startDate":"02.06.2015","endDate":"02.06.2015","numberOfReservations":-1693311323,"available":false}
2015-06-02 18:10:32 DEBUG ClientManager:68 - Completed.
2015-06-02 18:10:32 DEBUG ClientManager:38 - Opening the connection.
2015-06-02 18:10:32 DEBUG ClientManager:45 - Sending the request.
2015-06-02 18:10:32 DEBUG ClientManager:54 - Receiving the response.
2015-06-02 18:10:32 INFO  ClientManager:63 - RESPONSE: {"id":5,"filmId":2,"cinemaRoomId":-1,"startDate":"02.06.2015","endDate":"02.06.2015","numberOfReservations":-1416371156,"available":false}
2015-06-02 18:10:32 DEBUG ClientManager:68 - Completed.
2015-06-02 18:10:32 DEBUG ClientManager:38 - Opening the connection.
2015-06-02 18:10:32 DEBUG ClientManager:45 - Sending the request.
2015-06-02 18:10:32 DEBUG ClientManager:54 - Receiving the response.
2015-06-02 18:10:32 INFO  ClientManager:63 - RESPONSE: {"id":6,"filmId":0,"cinemaRoomId":-1,"startDate":"02.06.2015","endDate":"02.06.2015","numberOfReservations":1951109561,"available":true}
2015-06-02 18:10:32 DEBUG ClientManager:68 - Completed.
2015-06-02 18:10:32 DEBUG ClientManager:38 - Opening the connection.
2015-06-02 18:10:32 DEBUG ClientManager:45 - Sending the request.
2015-06-02 18:10:32 DEBUG ClientManager:54 - Receiving the response.
2015-06-02 18:10:32 INFO  ClientManager:63 - RESPONSE: {"id":7,"filmId":1,"cinemaRoomId":-1,"startDate":"02.06.2015","endDate":"02.06.2015","numberOfReservations":1241693413,"available":false}
2015-06-02 18:10:32 DEBUG ClientManager:68 - Completed.
2015-06-02 18:10:32 DEBUG ClientManager:38 - Opening the connection.
2015-06-02 18:10:32 DEBUG ClientManager:45 - Sending the request.
2015-06-02 18:10:32 DEBUG ClientManager:54 - Receiving the response.
2015-06-02 18:10:32 INFO  ClientManager:63 - RESPONSE: {"id":8,"filmId":2,"cinemaRoomId":-1,"startDate":"02.06.2015","endDate":"02.06.2015","numberOfReservations":-157012269,"available":false}
2015-06-02 18:10:32 DEBUG ClientManager:68 - Completed.
2015-06-02 18:10:32 DEBUG ClientManager:38 - Opening the connection.
2015-06-02 18:10:32 DEBUG ClientManager:45 - Sending the request.
2015-06-02 18:10:32 DEBUG ClientManager:54 - Receiving the response.
2015-06-02 18:10:32 INFO  ClientManager:63 - RESPONSE: {"id":9,"filmId":0,"cinemaRoomId":-1,"startDate":"02.06.2015","endDate":"02.06.2015","numberOfReservations":-862108974,"available":true}
2015-06-02 18:10:32 DEBUG ClientManager:68 - Completed.
2015-06-02 18:10:32 DEBUG ClientManager:38 - Opening the connection.
2015-06-02 18:10:32 DEBUG ClientManager:45 - Sending the request.
2015-06-02 18:10:32 DEBUG ClientManager:54 - Receiving the response.
2015-06-02 18:10:32 INFO  ClientManager:63 - RESPONSE: {"id":10,"filmId":1,"cinemaRoomId":-1,"startDate":"02.06.2015","endDate":"02.06.2015","numberOfReservations":748975349,"available":false}
2015-06-02 18:10:32 DEBUG ClientManager:68 - Completed.
2015-06-02 18:10:32 DEBUG ClientManager:38 - Opening the connection.
2015-06-02 18:10:32 DEBUG ClientManager:45 - Sending the request.
2015-06-02 18:10:32 DEBUG ClientManager:54 - Receiving the response.
2015-06-02 18:10:32 INFO  ClientManager:63 - RESPONSE: {"id":11,"filmId":2,"cinemaRoomId":-1,"startDate":"02.06.2015","endDate":"02.06.2015","numberOfReservations":1939851796,"available":false}
2015-06-02 18:10:32 DEBUG ClientManager:68 - Completed.
2015-06-02 18:10:32 DEBUG ClientManager:38 - Opening the connection.
2015-06-02 18:10:32 DEBUG ClientManager:45 - Sending the request.
2015-06-02 18:10:32 DEBUG ClientManager:54 - Receiving the response.
2015-06-02 18:10:32 INFO  ClientManager:63 - RESPONSE: {"id":12,"filmId":0,"cinemaRoomId":-1,"startDate":"02.06.2015","endDate":"02.06.2015","numberOfReservations":-1788309840,"available":true}
2015-06-02 18:10:32 DEBUG ClientManager:68 - Completed.
2015-06-02 18:10:32 DEBUG ClientManager:38 - Opening the connection.
2015-06-02 18:10:32 DEBUG ClientManager:45 - Sending the request.
2015-06-02 18:10:32 DEBUG ClientManager:54 - Receiving the response.
2015-06-02 18:10:32 INFO  ClientManager:63 - RESPONSE: {"id":13,"filmId":1,"cinemaRoomId":-1,"startDate":"02.06.2015","endDate":"02.06.2015","numberOfReservations":-359831903,"available":false}
2015-06-02 18:10:32 DEBUG ClientManager:68 - Completed.
2015-06-02 18:10:32 DEBUG ClientManager:38 - Opening the connection.
2015-06-02 18:10:32 DEBUG ClientManager:45 - Sending the request.
2015-06-02 18:10:32 DEBUG ClientManager:54 - Receiving the response.
2015-06-02 18:10:32 INFO  ClientManager:63 - RESPONSE: {"id":14,"filmId":2,"cinemaRoomId":-1,"startDate":"02.06.2015","endDate":"02.06.2015","numberOfReservations":-1178927677,"available":false}
2015-06-02 18:10:32 DEBUG ClientManager:68 - Completed.
2015-06-02 18:10:32 DEBUG ClientManager:38 - Opening the connection.
2015-06-02 18:10:32 DEBUG ClientManager:45 - Sending the request.
2015-06-02 18:10:32 DEBUG ClientManager:54 - Receiving the response.
2015-06-02 18:10:32 INFO  ClientManager:63 - RESPONSE: {"id":15,"filmId":0,"cinemaRoomId":-1,"startDate":"02.06.2015","endDate":"02.06.2015","numberOfReservations":-94928216,"available":true}
2015-06-02 18:10:32 DEBUG ClientManager:68 - Completed.
2015-06-02 18:10:32 DEBUG ClientManager:38 - Opening the connection.
2015-06-02 18:10:32 DEBUG ClientManager:45 - Sending the request.
2015-06-02 18:10:32 DEBUG ClientManager:54 - Receiving the response.
2015-06-02 18:10:32 INFO  ClientManager:63 - RESPONSE: {"id":16,"filmId":1,"cinemaRoomId":-1,"startDate":"02.06.2015","endDate":"02.06.2015","numberOfReservations":-929733254,"available":false}
2015-06-02 18:10:32 DEBUG ClientManager:68 - Completed.
2015-06-02 18:10:32 DEBUG ClientManager:38 - Opening the connection.
2015-06-02 18:10:32 DEBUG ClientManager:45 - Sending the request.
2015-06-02 18:10:32 DEBUG ClientManager:54 - Receiving the response.
2015-06-02 18:10:32 INFO  ClientManager:63 - RESPONSE: {"id":17,"filmId":2,"cinemaRoomId":-1,"startDate":"02.06.2015","endDate":"02.06.2015","numberOfReservations":-500777018,"available":false}
2015-06-02 18:10:32 DEBUG ClientManager:68 - Completed.
2015-06-02 18:10:32 DEBUG ClientManager:38 - Opening the connection.
2015-06-02 18:10:32 DEBUG ClientManager:45 - Sending the request.
2015-06-02 18:10:32 DEBUG ClientManager:54 - Receiving the response.
2015-06-02 18:10:32 INFO  ClientManager:63 - RESPONSE: {"id":18,"filmId":0,"cinemaRoomId":-1,"startDate":"02.06.2015","endDate":"02.06.2015","numberOfReservations":-753456916,"available":true}
2015-06-02 18:10:32 DEBUG ClientManager:68 - Completed.
2015-06-02 18:10:32 DEBUG ClientManager:38 - Opening the connection.
2015-06-02 18:10:32 DEBUG ClientManager:45 - Sending the request.
2015-06-02 18:10:32 DEBUG ClientManager:54 - Receiving the response.
2015-06-02 18:10:32 INFO  ClientManager:63 - RESPONSE: {"id":19,"filmId":1,"cinemaRoomId":-1,"startDate":"02.06.2015","endDate":"02.06.2015","numberOfReservations":-485018366,"available":false}
2015-06-02 18:10:32 DEBUG ClientManager:68 - Completed.
2015-06-02 18:10:32 DEBUG ClientManager:38 - Opening the connection.
2015-06-02 18:10:32 DEBUG ClientManager:45 - Sending the request.
2015-06-02 18:10:32 DEBUG ClientManager:54 - Receiving the response.
2015-06-02 18:10:32 INFO  ClientManager:60 - RESPONSE: Session id received - 5
2015-06-02 18:10:32 DEBUG ClientManager:68 - Completed.
2015-06-02 18:10:32 DEBUG ClientManager:38 - Opening the connection.
2015-06-02 18:10:32 DEBUG ClientManager:45 - Sending the request.
2015-06-02 18:10:32 DEBUG ClientManager:54 - Receiving the response.
2015-06-02 18:10:32 INFO  ClientManager:63 - RESPONSE: [{"id":2,"title":"Kati trexei me ti Mairi2","category":"Commedy","description":"Polu orraia tainia"}]
2015-06-02 18:10:32 DEBUG ClientManager:68 - Completed.
2015-06-02 18:10:32 DEBUG ClientManager:38 - Opening the connection.
2015-06-02 18:10:32 DEBUG ClientManager:45 - Sending the request.
2015-06-02 18:10:32 DEBUG ClientManager:54 - Receiving the response.
2015-06-02 18:10:32 INFO  ClientManager:63 - RESPONSE: [{"id":2,"filmId":2,"cinemaRoomId":-1,"startDate":"02.06.2015","endDate":"02.06.2015","numberOfReservations":-52486579,"available":false},{"id":5,"filmId":2,"cinemaRoomId":-1,"startDate":"02.06.2015","endDate":"02.06.2015","numberOfReservations":-1416371156,"available":false},{"id":8,"filmId":2,"cinemaRoomId":-1,"startDate":"02.06.2015","endDate":"02.06.2015","numberOfReservations":-157012269,"available":false},{"id":11,"filmId":2,"cinemaRoomId":-1,"startDate":"02.06.2015","endDate":"02.06.2015","numberOfReservations":1939851796,"available":false},{"id":14,"filmId":2,"cinemaRoomId":-1,"startDate":"02.06.2015","endDate":"02.06.2015","numberOfReservations":-1178927677,"available":false},{"id":17,"filmId":2,"cinemaRoomId":-1,"startDate":"02.06.2015","endDate":"02.06.2015","numberOfReservations":-500777018,"available":false}]
2015-06-02 18:10:32 DEBUG ClientManager:68 - Completed.
