2015-05-31 14:07:54 DEBUG StartUp:26 - Sending no 1.
2015-05-31 14:07:54 DEBUG StartUp:28 - Sending no 2.
2015-05-31 14:07:54 DEBUG StartUp:30 - Sending no 3.
2015-05-31 14:07:54 DEBUG StartUp:32 - Sending no 4.
2015-05-31 14:07:54 DEBUG StartUp:39 - Completed.
2015-05-31 17:50:20 DEBUG ClientManager:37 - Opening the connection.
2015-05-31 17:50:20 INFO  PropertiesUtilities:31 - Property file loaded successfully.
2015-05-31 17:50:20 DEBUG ClientManager:40 - Sending the request.
2015-05-31 17:50:20 DEBUG ClientManager:48 - Receiving the response.
2015-05-31 17:54:02 DEBUG ClientManager:34 - Opening the connection.
2015-05-31 17:54:02 INFO  PropertiesUtilities:31 - Property file loaded successfully.
2015-05-31 17:54:02 DEBUG ClientManager:37 - Sending the request.
2015-05-31 17:54:02 DEBUG ClientManager:46 - Receiving the response.
2015-05-31 17:54:29 DEBUG ClientManager:58 - Completed.
2015-05-31 17:55:37 DEBUG ClientManager:34 - Opening the connection.
2015-05-31 17:55:37 INFO  PropertiesUtilities:31 - Property file loaded successfully.
2015-05-31 17:55:37 DEBUG ClientManager:37 - Sending the request.
2015-05-31 17:55:37 DEBUG ClientManager:46 - Receiving the response.
2015-05-31 17:55:47 DEBUG ClientManager:58 - Completed.
2015-05-31 17:57:36 DEBUG ClientManager:34 - Opening the connection.
2015-05-31 17:57:36 INFO  PropertiesUtilities:31 - Property file loaded successfully.
2015-05-31 17:57:36 DEBUG ClientManager:37 - Sending the request.
2015-05-31 17:57:36 DEBUG ClientManager:45 - Receiving the response.
2015-05-31 17:57:45 DEBUG ClientManager:52 - Completed.
2015-05-31 17:58:40 DEBUG ClientManager:34 - Opening the connection.
2015-05-31 17:58:40 INFO  PropertiesUtilities:31 - Property file loaded successfully.
2015-05-31 17:58:40 DEBUG ClientManager:37 - Sending the request.
2015-05-31 17:58:40 DEBUG ClientManager:45 - Receiving the response.
2015-05-31 17:58:40 DEBUG ClientManager:52 - Completed.
2015-05-31 18:03:35 DEBUG ClientManager:34 - Opening the connection.
2015-05-31 18:03:35 INFO  PropertiesUtilities:31 - Property file loaded successfully.
2015-05-31 18:03:35 DEBUG ClientManager:37 - Sending the request.
2015-05-31 18:03:35 DEBUG ClientManager:45 - Receiving the response.
2015-05-31 18:03:35 DEBUG ClientManager:52 - Completed.
2015-05-31 18:03:57 DEBUG ClientManager:34 - Opening the connection.
2015-05-31 18:03:57 INFO  PropertiesUtilities:31 - Property file loaded successfully.
2015-05-31 18:03:57 DEBUG ClientManager:37 - Sending the request.
2015-05-31 18:03:57 DEBUG ClientManager:45 - Receiving the response.
2015-05-31 18:03:57 DEBUG ClientManager:52 - Completed.
2015-05-31 18:05:12 DEBUG ClientManager:34 - Opening the connection.
2015-05-31 18:05:12 INFO  PropertiesUtilities:31 - Property file loaded successfully.
2015-05-31 18:05:12 DEBUG ClientManager:37 - Sending the request.
2015-05-31 18:05:12 DEBUG ClientManager:45 - Receiving the response.
2015-05-31 18:05:13 DEBUG ClientManager:52 - Completed.
2015-05-31 18:06:36 DEBUG ClientManager:34 - Opening the connection.
2015-05-31 18:06:36 INFO  PropertiesUtilities:31 - Property file loaded successfully.
2015-05-31 18:06:36 DEBUG ClientManager:37 - Sending the request.
2015-05-31 18:06:36 DEBUG ClientManager:45 - Receiving the response.
2015-05-31 18:06:36 DEBUG ClientManager:52 - Completed.
2015-05-31 18:07:47 DEBUG ClientManager:34 - Opening the connection.
2015-05-31 18:07:47 INFO  PropertiesUtilities:31 - Property file loaded successfully.
2015-05-31 18:07:47 DEBUG ClientManager:37 - Sending the request.
2015-05-31 18:07:47 DEBUG ClientManager:45 - Receiving the response.
2015-05-31 18:07:47 DEBUG ClientManager:52 - Completed.
2015-05-31 18:15:21 DEBUG ClientManager:34 - Opening the connection.
2015-05-31 18:15:21 INFO  PropertiesUtilities:31 - Property file loaded successfully.
2015-05-31 18:15:21 DEBUG ClientManager:37 - Sending the request.
2015-05-31 18:15:21 DEBUG ClientManager:45 - Receiving the response.
2015-05-31 18:15:21 DEBUG ClientManager:52 - Completed.
2015-05-31 20:38:43 DEBUG ClientManager:34 - Opening the connection.
2015-05-31 20:38:44 INFO  PropertiesUtilities:31 - Property file loaded successfully.
2015-05-31 20:38:44 DEBUG ClientManager:37 - Sending the request.
2015-05-31 20:39:25 DEBUG ClientManager:34 - Opening the connection.
2015-05-31 20:39:26 INFO  PropertiesUtilities:31 - Property file loaded successfully.
2015-05-31 20:39:26 DEBUG ClientManager:37 - Sending the request.
2015-05-31 20:39:51 DEBUG ClientManager:34 - Opening the connection.
2015-05-31 20:39:51 INFO  PropertiesUtilities:31 - Property file loaded successfully.
2015-05-31 20:39:52 DEBUG ClientManager:37 - Sending the request.
2015-05-31 20:39:54 DEBUG ClientManager:45 - Receiving the response.
2015-05-31 20:40:05 DEBUG ClientManager:52 - Completed.
2015-05-31 21:03:39 DEBUG ClientManager:34 - Opening the connection.
2015-05-31 21:03:39 INFO  PropertiesUtilities:31 - Property file loaded successfully.
2015-05-31 21:03:39 DEBUG ClientManager:37 - Sending the request.
2015-05-31 21:03:39 DEBUG ClientManager:45 - Receiving the response.
2015-05-31 21:03:39 DEBUG ClientManager:52 - Completed.
2015-05-31 21:04:07 DEBUG ClientManager:34 - Opening the connection.
2015-05-31 21:04:07 INFO  PropertiesUtilities:31 - Property file loaded successfully.
2015-05-31 21:04:07 DEBUG ClientManager:37 - Sending the request.
2015-05-31 21:04:07 DEBUG ClientManager:45 - Receiving the response.
2015-05-31 21:04:07 DEBUG ClientManager:52 - Completed.
2015-05-31 21:05:37 DEBUG ClientManager:34 - Opening the connection.
2015-05-31 21:05:37 INFO  PropertiesUtilities:31 - Property file loaded successfully.
2015-05-31 21:05:37 DEBUG ClientManager:37 - Sending the request.
2015-05-31 21:05:37 DEBUG ClientManager:45 - Receiving the response.
2015-05-31 21:05:37 DEBUG ClientManager:52 - Completed.
2015-05-31 21:06:37 DEBUG ClientManager:34 - Opening the connection.
2015-05-31 21:06:37 INFO  PropertiesUtilities:31 - Property file loaded successfully.
2015-05-31 21:06:37 DEBUG ClientManager:37 - Sending the request.
2015-05-31 21:06:37 DEBUG ClientManager:45 - Receiving the response.
2015-05-31 21:06:37 DEBUG ClientManager:52 - Completed.
2015-05-31 21:06:52 DEBUG ClientManager:34 - Opening the connection.
2015-05-31 21:06:52 INFO  PropertiesUtilities:31 - Property file loaded successfully.
2015-05-31 21:06:52 DEBUG ClientManager:37 - Sending the request.
2015-05-31 21:06:52 DEBUG ClientManager:45 - Receiving the response.
2015-05-31 21:06:52 DEBUG ClientManager:52 - Completed.
2015-05-31 21:09:37 DEBUG ClientManager:34 - Opening the connection.
2015-05-31 21:09:37 INFO  PropertiesUtilities:31 - Property file loaded successfully.
2015-05-31 21:09:37 DEBUG ClientManager:37 - Sending the request.
2015-05-31 21:09:37 DEBUG ClientManager:45 - Receiving the response.
2015-05-31 21:09:37 DEBUG ClientManager:52 - Completed.
2015-05-31 21:53:15 DEBUG ClientManager:34 - Opening the connection.
2015-05-31 21:53:15 INFO  PropertiesUtilities:31 - Property file loaded successfully.
2015-05-31 21:53:15 DEBUG ClientManager:37 - Sending the request.
2015-05-31 21:54:04 DEBUG ClientManager:45 - Receiving the response.
2015-05-31 21:54:06 DEBUG ClientManager:52 - Completed.
2015-05-31 21:54:26 DEBUG ClientManager:34 - Opening the connection.
2015-05-31 21:54:26 INFO  PropertiesUtilities:31 - Property file loaded successfully.
2015-05-31 21:54:26 DEBUG ClientManager:37 - Sending the request.
2015-05-31 21:59:45 DEBUG ClientManager:34 - Opening the connection.
2015-05-31 21:59:45 INFO  PropertiesUtilities:31 - Property file loaded successfully.
2015-05-31 21:59:45 DEBUG ClientManager:37 - Sending the request.
2015-05-31 22:00:01 DEBUG ClientManager:34 - Opening the connection.
2015-05-31 22:00:01 INFO  PropertiesUtilities:31 - Property file loaded successfully.
2015-05-31 22:00:01 DEBUG ClientManager:37 - Sending the request.
2015-05-31 22:00:01 DEBUG ClientManager:46 - Receiving the response.
2015-05-31 22:00:08 DEBUG ClientManager:53 - Completed.
2015-05-31 22:00:25 DEBUG ClientManager:34 - Opening the connection.
2015-05-31 22:00:25 INFO  PropertiesUtilities:31 - Property file loaded successfully.
2015-05-31 22:00:25 ERROR ClientManager:51 - Server connection failed.
java.net.ConnectException: Connection refused
	at java.net.PlainSocketImpl.socketConnect(Native Method)
	at java.net.AbstractPlainSocketImpl.doConnect(AbstractPlainSocketImpl.java:345)
	at java.net.AbstractPlainSocketImpl.connectToAddress(AbstractPlainSocketImpl.java:206)
	at java.net.AbstractPlainSocketImpl.connect(AbstractPlainSocketImpl.java:188)
	at java.net.SocksSocketImpl.connect(SocksSocketImpl.java:392)
	at java.net.Socket.connect(Socket.java:589)
	at java.net.Socket.connect(Socket.java:538)
	at java.net.Socket.<init>(Socket.java:434)
	at java.net.Socket.<init>(Socket.java:211)
	at gr.unipi.mainpackage.client.service.ClientManager.run(ClientManager.java:35)
2015-05-31 22:00:25 DEBUG ClientManager:53 - Completed.
2015-05-31 22:00:33 DEBUG ClientManager:34 - Opening the connection.
2015-05-31 22:00:35 INFO  PropertiesUtilities:31 - Property file loaded successfully.
2015-05-31 22:00:35 DEBUG ClientManager:37 - Sending the request.
2015-05-31 22:00:40 DEBUG ClientManager:46 - Receiving the response.
2015-05-31 22:01:33 DEBUG ClientManager:34 - Opening the connection.
2015-05-31 22:01:34 INFO  PropertiesUtilities:31 - Property file loaded successfully.
2015-05-31 22:01:34 DEBUG ClientManager:37 - Sending the request.
2015-05-31 22:01:36 DEBUG ClientManager:46 - Receiving the response.
2015-05-31 22:03:35 DEBUG ClientManager:34 - Opening the connection.
2015-05-31 22:03:36 INFO  PropertiesUtilities:31 - Property file loaded successfully.
2015-05-31 22:03:37 DEBUG ClientManager:37 - Sending the request.
2015-06-01 15:34:07 DEBUG ClientManager:34 - Opening the connection.
2015-06-01 15:34:08 INFO  PropertiesUtilities:31 - Property file loaded successfully.
2015-06-01 15:34:16 DEBUG ClientManager:37 - Sending the request.
2015-06-01 15:34:48 DEBUG ClientManager:46 - Receiving the response.
2015-06-01 15:35:28 DEBUG ClientManager:53 - Completed.
2015-06-01 20:29:10 DEBUG ClientManager:37 - Opening the connection.
2015-06-01 20:29:10 INFO  PropertiesUtilities:31 - Property file loaded successfully.
2015-06-01 20:29:21 DEBUG ClientManager:44 - Sending the request.
2015-06-01 20:29:29 DEBUG ClientManager:53 - Receiving the response.
2015-06-01 20:32:51 DEBUG ClientManager:38 - Opening the connection.
2015-06-01 20:32:51 INFO  PropertiesUtilities:31 - Property file loaded successfully.
2015-06-01 20:32:52 DEBUG ClientManager:45 - Sending the request.
2015-06-01 20:32:54 DEBUG ClientManager:54 - Receiving the response.
2015-06-01 20:33:21 INFO  ClientManager:63 - RESPONSE: Session id received - -1
2015-06-01 20:33:25 DEBUG ClientManager:71 - Completed.
2015-06-01 20:34:03 DEBUG ClientManager:38 - Opening the connection.
2015-06-01 20:34:03 INFO  PropertiesUtilities:31 - Property file loaded successfully.
2015-06-01 20:34:03 DEBUG ClientManager:45 - Sending the request.
2015-06-01 20:34:04 DEBUG ClientManager:54 - Receiving the response.
2015-06-01 20:34:30 INFO  ClientManager:63 - RESPONSE: Session id received - 2
2015-06-01 20:34:34 DEBUG ClientManager:71 - Completed.
2015-06-01 20:38:15 DEBUG ClientManager:38 - Opening the connection.
2015-06-01 20:38:15 INFO  PropertiesUtilities:31 - Property file loaded successfully.
2015-06-01 20:38:24 DEBUG ClientManager:45 - Sending the request.
2015-06-01 20:38:27 DEBUG ClientManager:54 - Receiving the response.
2015-06-01 20:38:50 INFO  ClientManager:63 - RESPONSE: Session id received - 2
2015-06-01 20:38:53 DEBUG ClientManager:71 - Completed.
2015-06-01 20:38:54 DEBUG ClientManager:38 - Opening the connection.
2015-06-01 20:38:56 DEBUG ClientManager:45 - Sending the request.
2015-06-01 20:38:59 DEBUG ClientManager:54 - Receiving the response.
2015-06-01 20:41:15 ERROR ClientManager:69 - Server connection failed.
java.io.EOFException
	at java.io.DataInputStream.readFully(DataInputStream.java:197)
	at java.io.DataInputStream.readUTF(DataInputStream.java:609)
	at java.io.DataInputStream.readUTF(DataInputStream.java:564)
	at gr.unipi.mainpackage.client.service.ClientManager.run(ClientManager.java:56)
2015-06-01 20:41:16 DEBUG ClientManager:71 - Completed.
2015-06-01 20:41:25 DEBUG ClientManager:38 - Opening the connection.
2015-06-01 20:41:25 INFO  PropertiesUtilities:31 - Property file loaded successfully.
2015-06-01 20:41:25 DEBUG ClientManager:45 - Sending the request.
2015-06-01 20:41:25 DEBUG ClientManager:54 - Receiving the response.
2015-06-01 20:41:37 INFO  ClientManager:63 - RESPONSE: Session id received - 3
2015-06-01 20:41:37 DEBUG ClientManager:71 - Completed.
2015-06-01 20:41:38 DEBUG ClientManager:38 - Opening the connection.
2015-06-01 20:41:39 DEBUG ClientManager:45 - Sending the request.
2015-06-01 20:41:41 DEBUG ClientManager:54 - Receiving the response.
2015-06-01 20:42:18 INFO  ClientManager:66 - RESPONSE: {"name":"","username":"siggouroglou","password":"EFE6398127928F1B2E9EF3207FB82663"}
2015-06-01 20:42:21 DEBUG ClientManager:71 - Completed.
2015-06-01 20:43:57 DEBUG ClientManager:38 - Opening the connection.
2015-06-01 20:43:57 INFO  PropertiesUtilities:31 - Property file loaded successfully.
2015-06-01 20:43:57 DEBUG ClientManager:45 - Sending the request.
2015-06-01 20:43:57 DEBUG ClientManager:54 - Receiving the response.
2015-06-01 20:44:01 INFO  ClientManager:63 - RESPONSE: Session id received - 4
2015-06-01 20:44:01 DEBUG ClientManager:71 - Completed.
2015-06-01 20:44:01 DEBUG ClientManager:38 - Opening the connection.
2015-06-01 20:44:01 DEBUG ClientManager:45 - Sending the request.
2015-06-01 20:44:01 DEBUG ClientManager:54 - Receiving the response.
2015-06-01 20:44:04 ERROR ClientManager:69 - Server connection failed.
java.io.EOFException
	at java.io.DataInputStream.readFully(DataInputStream.java:197)
	at java.io.DataInputStream.readUTF(DataInputStream.java:609)
	at java.io.DataInputStream.readUTF(DataInputStream.java:564)
	at gr.unipi.mainpackage.client.service.ClientManager.run(ClientManager.java:56)
2015-06-01 20:44:04 DEBUG ClientManager:71 - Completed.
2015-06-01 20:45:07 DEBUG ClientManager:38 - Opening the connection.
2015-06-01 20:45:07 INFO  PropertiesUtilities:31 - Property file loaded successfully.
2015-06-01 20:45:07 DEBUG ClientManager:45 - Sending the request.
2015-06-01 20:45:07 DEBUG ClientManager:54 - Receiving the response.
2015-06-01 20:45:11 INFO  ClientManager:63 - RESPONSE: Session id received - 5
2015-06-01 20:45:11 DEBUG ClientManager:71 - Completed.
2015-06-01 20:45:11 DEBUG ClientManager:38 - Opening the connection.
2015-06-01 20:45:11 DEBUG ClientManager:45 - Sending the request.
2015-06-01 20:45:11 DEBUG ClientManager:54 - Receiving the response.
2015-06-01 20:45:38 ERROR ClientManager:69 - Server connection failed.
java.io.EOFException
	at java.io.DataInputStream.readFully(DataInputStream.java:197)
	at java.io.DataInputStream.readUTF(DataInputStream.java:609)
	at java.io.DataInputStream.readUTF(DataInputStream.java:564)
	at gr.unipi.mainpackage.client.service.ClientManager.run(ClientManager.java:56)
2015-06-01 20:45:38 DEBUG ClientManager:71 - Completed.
2015-06-01 20:45:44 DEBUG ClientManager:38 - Opening the connection.
2015-06-01 20:45:44 INFO  PropertiesUtilities:31 - Property file loaded successfully.
2015-06-01 20:45:44 DEBUG ClientManager:45 - Sending the request.
2015-06-01 20:45:44 DEBUG ClientManager:54 - Receiving the response.
2015-06-01 20:45:47 INFO  ClientManager:63 - RESPONSE: Session id received - 6
2015-06-01 20:45:47 DEBUG ClientManager:71 - Completed.
2015-06-01 20:45:47 DEBUG ClientManager:38 - Opening the connection.
2015-06-01 20:45:47 DEBUG ClientManager:45 - Sending the request.
2015-06-01 20:45:47 DEBUG ClientManager:54 - Receiving the response.
2015-06-01 20:47:45 ERROR ClientManager:69 - Server connection failed.
java.io.EOFException
	at java.io.DataInputStream.readFully(DataInputStream.java:197)
	at java.io.DataInputStream.readUTF(DataInputStream.java:609)
	at java.io.DataInputStream.readUTF(DataInputStream.java:564)
	at gr.unipi.mainpackage.client.service.ClientManager.run(ClientManager.java:56)
2015-06-01 20:47:45 DEBUG ClientManager:71 - Completed.
2015-06-01 20:48:02 DEBUG ClientManager:38 - Opening the connection.
2015-06-01 20:48:02 INFO  PropertiesUtilities:31 - Property file loaded successfully.
2015-06-01 20:48:02 DEBUG ClientManager:45 - Sending the request.
2015-06-01 20:48:02 DEBUG ClientManager:54 - Receiving the response.
2015-06-01 20:48:05 INFO  ClientManager:63 - RESPONSE: Session id received - 7
2015-06-01 20:48:05 DEBUG ClientManager:71 - Completed.
2015-06-01 20:48:05 DEBUG ClientManager:38 - Opening the connection.
2015-06-01 20:48:05 DEBUG ClientManager:45 - Sending the request.
2015-06-01 20:48:05 DEBUG ClientManager:54 - Receiving the response.
2015-06-01 20:48:06 ERROR ClientManager:69 - Server connection failed.
java.io.EOFException
	at java.io.DataInputStream.readFully(DataInputStream.java:197)
	at java.io.DataInputStream.readUTF(DataInputStream.java:609)
	at java.io.DataInputStream.readUTF(DataInputStream.java:564)
	at gr.unipi.mainpackage.client.service.ClientManager.run(ClientManager.java:56)
2015-06-01 20:48:06 DEBUG ClientManager:71 - Completed.
2015-06-01 20:48:12 DEBUG ClientManager:38 - Opening the connection.
2015-06-01 20:48:12 INFO  PropertiesUtilities:31 - Property file loaded successfully.
2015-06-01 20:48:12 DEBUG ClientManager:45 - Sending the request.
2015-06-01 20:48:12 DEBUG ClientManager:54 - Receiving the response.
2015-06-01 20:48:13 INFO  ClientManager:63 - RESPONSE: Session id received - 8
2015-06-01 20:48:13 DEBUG ClientManager:71 - Completed.
2015-06-01 20:48:13 DEBUG ClientManager:38 - Opening the connection.
2015-06-01 20:48:13 DEBUG ClientManager:45 - Sending the request.
2015-06-01 20:48:13 DEBUG ClientManager:54 - Receiving the response.
2015-06-01 20:49:20 ERROR ClientManager:69 - Server connection failed.
java.io.EOFException
	at java.io.DataInputStream.readFully(DataInputStream.java:197)
	at java.io.DataInputStream.readUTF(DataInputStream.java:609)
	at java.io.DataInputStream.readUTF(DataInputStream.java:564)
	at gr.unipi.mainpackage.client.service.ClientManager.run(ClientManager.java:56)
2015-06-01 20:49:20 DEBUG ClientManager:71 - Completed.
2015-06-01 20:50:19 DEBUG ClientManager:38 - Opening the connection.
2015-06-01 20:50:19 INFO  PropertiesUtilities:31 - Property file loaded successfully.
2015-06-01 20:50:19 DEBUG ClientManager:45 - Sending the request.
2015-06-01 20:50:19 DEBUG ClientManager:54 - Receiving the response.
2015-06-01 20:50:20 INFO  ClientManager:63 - RESPONSE: Session id received - 2
2015-06-01 20:50:20 DEBUG ClientManager:71 - Completed.
2015-06-01 20:50:20 DEBUG ClientManager:38 - Opening the connection.
2015-06-01 20:50:20 DEBUG ClientManager:45 - Sending the request.
2015-06-01 20:50:20 DEBUG ClientManager:54 - Receiving the response.
2015-06-01 20:52:09 ERROR ClientManager:69 - Server connection failed.
java.io.EOFException
	at java.io.DataInputStream.readFully(DataInputStream.java:197)
	at java.io.DataInputStream.readUTF(DataInputStream.java:609)
	at java.io.DataInputStream.readUTF(DataInputStream.java:564)
	at gr.unipi.mainpackage.client.service.ClientManager.run(ClientManager.java:56)
2015-06-01 20:52:09 DEBUG ClientManager:71 - Completed.
2015-06-01 20:52:39 DEBUG ClientManager:38 - Opening the connection.
2015-06-01 20:52:39 INFO  PropertiesUtilities:31 - Property file loaded successfully.
2015-06-01 20:52:39 DEBUG ClientManager:45 - Sending the request.
2015-06-01 20:52:39 DEBUG ClientManager:54 - Receiving the response.
2015-06-01 20:52:40 INFO  ClientManager:63 - RESPONSE: Session id received - 2
2015-06-01 20:52:40 DEBUG ClientManager:71 - Completed.
2015-06-01 20:52:40 DEBUG ClientManager:38 - Opening the connection.
2015-06-01 20:52:40 DEBUG ClientManager:45 - Sending the request.
2015-06-01 20:52:40 DEBUG ClientManager:54 - Receiving the response.
2015-06-01 20:52:51 INFO  ClientManager:66 - RESPONSE: {"name":"Content Adminopoulos","username":"contentable","password":"0E4D7DDF18FEE3FABC96B233950F87DF"}
2015-06-01 20:52:51 DEBUG ClientManager:71 - Completed.
2015-06-01 21:02:54 DEBUG ClientManager:38 - Opening the connection.
2015-06-01 21:02:54 INFO  PropertiesUtilities:31 - Property file loaded successfully.
2015-06-01 21:02:54 DEBUG ClientManager:45 - Sending the request.
2015-06-01 21:02:54 DEBUG ClientManager:54 - Receiving the response.
2015-06-01 21:03:06 INFO  ClientManager:60 - RESPONSE: Session id received - 2
2015-06-01 21:03:06 DEBUG ClientManager:68 - Completed.
2015-06-01 21:03:08 DEBUG ClientManager:38 - Opening the connection.
2015-06-01 21:03:08 DEBUG ClientManager:45 - Sending the request.
2015-06-01 21:03:08 DEBUG ClientManager:54 - Receiving the response.
2015-06-01 21:03:26 INFO  ClientManager:63 - RESPONSE: {"name":"Content Adminopoulos","username":"contentable","password":"0E4D7DDF18FEE3FABC96B233950F87DF"}
2015-06-01 21:03:26 DEBUG ClientManager:68 - Completed.
2015-06-01 21:03:28 DEBUG ClientManager:38 - Opening the connection.
2015-06-01 21:03:28 DEBUG ClientManager:45 - Sending the request.
2015-06-01 21:03:28 DEBUG ClientManager:54 - Receiving the response.
2015-06-01 21:03:38 INFO  ClientManager:60 - RESPONSE: Session id received - -1
2015-06-01 21:03:38 DEBUG ClientManager:68 - Completed.
2015-06-01 21:04:55 DEBUG ClientManager:38 - Opening the connection.
2015-06-01 21:04:57 DEBUG ClientManager:45 - Sending the request.
2015-06-01 21:04:57 DEBUG ClientManager:54 - Receiving the response.
2015-06-01 21:05:22 ERROR ClientManager:66 - Server connection failed.
java.io.EOFException
	at java.io.DataInputStream.readUnsignedShort(DataInputStream.java:340)
	at java.io.DataInputStream.readUTF(DataInputStream.java:589)
	at java.io.DataInputStream.readUTF(DataInputStream.java:564)
	at gr.unipi.mainpackage.client.service.ClientManager.run(ClientManager.java:56)
2015-06-01 21:05:22 DEBUG ClientManager:68 - Completed.
2015-06-01 21:25:06 DEBUG ClientManager:38 - Opening the connection.
2015-06-01 21:25:06 INFO  PropertiesUtilities:31 - Property file loaded successfully.
2015-06-01 21:25:06 DEBUG ClientManager:45 - Sending the request.
2015-06-01 21:25:06 DEBUG ClientManager:54 - Receiving the response.
2015-06-01 21:25:09 INFO  ClientManager:60 - RESPONSE: Session id received - 2
2015-06-01 21:25:09 DEBUG ClientManager:68 - Completed.
2015-06-01 21:25:11 DEBUG ClientManager:38 - Opening the connection.
2015-06-01 21:25:11 DEBUG ClientManager:45 - Sending the request.
2015-06-01 21:25:11 DEBUG ClientManager:54 - Receiving the response.
2015-06-01 21:26:26 INFO  ClientManager:63 - RESPONSE: {"name":"Content Adminopoulos","username":"contentable","password":"0E4D7DDF18FEE3FABC96B233950F87DF"}
2015-06-01 21:26:26 DEBUG ClientManager:68 - Completed.
2015-06-01 21:26:51 DEBUG ClientManager:38 - Opening the connection.
2015-06-01 21:26:51 INFO  PropertiesUtilities:31 - Property file loaded successfully.
2015-06-01 21:26:51 DEBUG ClientManager:45 - Sending the request.
2015-06-01 21:26:51 DEBUG ClientManager:54 - Receiving the response.
2015-06-01 21:26:53 INFO  ClientManager:60 - RESPONSE: Session id received - 2
2015-06-01 21:26:53 DEBUG ClientManager:68 - Completed.
2015-06-01 21:26:54 DEBUG ClientManager:38 - Opening the connection.
2015-06-01 21:26:54 DEBUG ClientManager:45 - Sending the request.
2015-06-01 21:26:54 DEBUG ClientManager:54 - Receiving the response.
2015-06-01 21:27:04 INFO  ClientManager:63 - RESPONSE: {"name":"Content Adminopoulos","username":"contentable","password":"0E4D7DDF18FEE3FABC96B233950F87DF"}
2015-06-01 21:27:04 DEBUG ClientManager:68 - Completed.
2015-06-01 21:27:09 DEBUG ClientManager:38 - Opening the connection.
2015-06-01 21:27:09 DEBUG ClientManager:45 - Sending the request.
2015-06-01 21:27:09 DEBUG ClientManager:54 - Receiving the response.
2015-06-01 21:27:26 INFO  ClientManager:60 - RESPONSE: Session id received - 3
2015-06-01 21:27:26 DEBUG ClientManager:68 - Completed.
2015-06-01 21:27:33 DEBUG ClientManager:38 - Opening the connection.
2015-06-01 21:27:33 DEBUG ClientManager:45 - Sending the request.
2015-06-01 21:27:33 DEBUG ClientManager:54 - Receiving the response.
2015-06-01 21:27:47 INFO  ClientManager:63 - RESPONSE: {"id":1,"title":"Kati trexei me ti Mairi","category":"Commedy","description":"Polu orraia tainia"}
2015-06-01 21:27:47 DEBUG ClientManager:68 - Completed.
2015-06-02 14:34:20 DEBUG ClientManager:38 - Opening the connection.
2015-06-02 14:34:20 INFO  PropertiesUtilities:31 - Property file loaded successfully.
2015-06-02 14:34:20 DEBUG ClientManager:45 - Sending the request.
2015-06-02 14:34:20 DEBUG ClientManager:54 - Receiving the response.
2015-06-02 14:34:31 INFO  ClientManager:60 - RESPONSE: Session id received - 2
2015-06-02 14:34:31 DEBUG ClientManager:68 - Completed.
2015-06-02 14:34:34 DEBUG ClientManager:38 - Opening the connection.
2015-06-02 14:34:35 DEBUG ClientManager:45 - Sending the request.
2015-06-02 14:34:36 DEBUG ClientManager:54 - Receiving the response.
2015-06-02 14:34:58 INFO  ClientManager:63 - RESPONSE: {"name":"Content Adminopoulos","username":"contentable","password":"0E4D7DDF18FEE3FABC96B233950F87DF"}
2015-06-02 14:34:58 DEBUG ClientManager:68 - Completed.
2015-06-02 14:34:58 DEBUG ClientManager:38 - Opening the connection.
2015-06-02 14:34:59 DEBUG ClientManager:45 - Sending the request.
2015-06-02 14:35:26 DEBUG ClientManager:54 - Receiving the response.
2015-06-02 14:35:26 INFO  ClientManager:60 - RESPONSE: Session id received - 3
2015-06-02 14:35:26 DEBUG ClientManager:68 - Completed.
2015-06-02 14:35:29 DEBUG ClientManager:38 - Opening the connection.
2015-06-02 14:35:29 DEBUG ClientManager:45 - Sending the request.
2015-06-02 14:35:29 DEBUG ClientManager:54 - Receiving the response.
2015-06-02 14:35:54 INFO  ClientManager:63 - RESPONSE: []
2015-06-02 14:35:54 DEBUG ClientManager:68 - Completed.
2015-06-02 14:36:11 DEBUG ClientManager:38 - Opening the connection.
2015-06-02 14:36:11 INFO  PropertiesUtilities:31 - Property file loaded successfully.
2015-06-02 14:36:11 DEBUG ClientManager:45 - Sending the request.
2015-06-02 14:36:11 DEBUG ClientManager:54 - Receiving the response.
2015-06-02 14:36:14 INFO  ClientManager:60 - RESPONSE: Session id received - 4
2015-06-02 14:36:14 DEBUG ClientManager:68 - Completed.
2015-06-02 14:36:14 DEBUG ClientManager:38 - Opening the connection.
2015-06-02 14:36:14 DEBUG ClientManager:45 - Sending the request.
2015-06-02 14:36:14 DEBUG ClientManager:54 - Receiving the response.
2015-06-02 14:36:14 INFO  ClientManager:63 - RESPONSE: {"name":"Content Adminopoulos","username":"contentable","password":"0E4D7DDF18FEE3FABC96B233950F87DF"}
2015-06-02 14:36:14 DEBUG ClientManager:68 - Completed.
2015-06-02 14:36:14 DEBUG ClientManager:38 - Opening the connection.
2015-06-02 14:36:14 DEBUG ClientManager:45 - Sending the request.
2015-06-02 14:36:14 DEBUG ClientManager:54 - Receiving the response.
2015-06-02 14:36:15 INFO  ClientManager:60 - RESPONSE: Session id received - 5
2015-06-02 14:36:15 DEBUG ClientManager:68 - Completed.
2015-06-02 14:36:15 DEBUG ClientManager:38 - Opening the connection.
2015-06-02 14:36:15 DEBUG ClientManager:45 - Sending the request.
2015-06-02 14:36:15 DEBUG ClientManager:54 - Receiving the response.
2015-06-02 14:36:16 INFO  ClientManager:63 - RESPONSE: {"id":0,"title":"Kati trexei me ti Mairi0","category":"Commedy","description":"Polu orraia tainia"}
2015-06-02 14:36:16 DEBUG ClientManager:68 - Completed.
2015-06-02 14:36:16 DEBUG ClientManager:38 - Opening the connection.
2015-06-02 14:36:16 DEBUG ClientManager:45 - Sending the request.
2015-06-02 14:36:16 DEBUG ClientManager:54 - Receiving the response.
2015-06-02 14:36:16 INFO  ClientManager:63 - RESPONSE: {"id":1,"title":"Kati trexei me ti Mairi1","category":"Commedy","description":"Polu orraia tainia"}
2015-06-02 14:36:16 DEBUG ClientManager:68 - Completed.
2015-06-02 14:36:16 DEBUG ClientManager:38 - Opening the connection.
2015-06-02 14:36:16 DEBUG ClientManager:45 - Sending the request.
2015-06-02 14:36:16 DEBUG ClientManager:54 - Receiving the response.
2015-06-02 14:36:17 INFO  ClientManager:63 - RESPONSE: {"id":2,"title":"Kati trexei me ti Mairi2","category":"Commedy","description":"Polu orraia tainia"}
2015-06-02 14:36:17 DEBUG ClientManager:68 - Completed.
2015-06-02 14:36:17 DEBUG ClientManager:38 - Opening the connection.
2015-06-02 14:36:17 DEBUG ClientManager:45 - Sending the request.
2015-06-02 14:36:17 DEBUG ClientManager:54 - Receiving the response.
2015-06-02 14:36:17 INFO  ClientManager:63 - RESPONSE: {"id":3,"title":"Kati trexei me ti Mairi3","category":"Commedy","description":"Polu orraia tainia"}
2015-06-02 14:36:17 DEBUG ClientManager:68 - Completed.
2015-06-02 14:36:17 DEBUG ClientManager:38 - Opening the connection.
2015-06-02 14:36:17 DEBUG ClientManager:45 - Sending the request.
2015-06-02 14:36:17 DEBUG ClientManager:54 - Receiving the response.
2015-06-02 14:36:17 INFO  ClientManager:63 - RESPONSE: {"id":4,"title":"Kati trexei me ti Mairi4","category":"Commedy","description":"Polu orraia tainia"}
2015-06-02 14:36:17 DEBUG ClientManager:68 - Completed.
2015-06-02 14:36:17 DEBUG ClientManager:38 - Opening the connection.
2015-06-02 14:36:17 DEBUG ClientManager:45 - Sending the request.
2015-06-02 14:36:17 DEBUG ClientManager:54 - Receiving the response.
2015-06-02 14:36:17 INFO  ClientManager:63 - RESPONSE: {"id":5,"title":"Kati trexei me ti Mairi5","category":"Commedy","description":"Polu orraia tainia"}
2015-06-02 14:36:17 DEBUG ClientManager:68 - Completed.
2015-06-02 14:36:17 DEBUG ClientManager:38 - Opening the connection.
2015-06-02 14:36:17 DEBUG ClientManager:45 - Sending the request.
2015-06-02 14:36:17 DEBUG ClientManager:54 - Receiving the response.
2015-06-02 14:36:18 INFO  ClientManager:63 - RESPONSE: {"id":6,"title":"Kati trexei me ti Mairi6","category":"Commedy","description":"Polu orraia tainia"}
2015-06-02 14:36:18 DEBUG ClientManager:68 - Completed.
2015-06-02 14:36:18 DEBUG ClientManager:38 - Opening the connection.
2015-06-02 14:36:18 DEBUG ClientManager:45 - Sending the request.
2015-06-02 14:36:18 DEBUG ClientManager:54 - Receiving the response.
2015-06-02 14:36:18 INFO  ClientManager:63 - RESPONSE: {"id":7,"title":"Kati trexei me ti Mairi7","category":"Commedy","description":"Polu orraia tainia"}
2015-06-02 14:36:18 DEBUG ClientManager:68 - Completed.
2015-06-02 14:36:18 DEBUG ClientManager:38 - Opening the connection.
2015-06-02 14:36:18 DEBUG ClientManager:45 - Sending the request.
2015-06-02 14:36:18 DEBUG ClientManager:54 - Receiving the response.
2015-06-02 14:36:18 INFO  ClientManager:63 - RESPONSE: {"id":8,"title":"Kati trexei me ti Mairi8","category":"Commedy","description":"Polu orraia tainia"}
2015-06-02 14:36:18 DEBUG ClientManager:68 - Completed.
2015-06-02 14:36:18 DEBUG ClientManager:38 - Opening the connection.
2015-06-02 14:36:18 DEBUG ClientManager:45 - Sending the request.
2015-06-02 14:36:18 DEBUG ClientManager:54 - Receiving the response.
2015-06-02 14:36:18 INFO  ClientManager:63 - RESPONSE: {"id":9,"title":"Kati trexei me ti Mairi9","category":"Commedy","description":"Polu orraia tainia"}
2015-06-02 14:36:18 DEBUG ClientManager:68 - Completed.
2015-06-02 14:36:18 DEBUG ClientManager:38 - Opening the connection.
2015-06-02 14:36:18 DEBUG ClientManager:45 - Sending the request.
2015-06-02 14:36:18 DEBUG ClientManager:54 - Receiving the response.
2015-06-02 14:36:18 INFO  ClientManager:63 - RESPONSE: {"id":10,"title":"Kati trexei me ti Mairi10","category":"Commedy","description":"Polu orraia tainia"}
2015-06-02 14:36:18 DEBUG ClientManager:68 - Completed.
2015-06-02 14:36:18 DEBUG ClientManager:38 - Opening the connection.
2015-06-02 14:36:18 DEBUG ClientManager:45 - Sending the request.
2015-06-02 14:36:18 DEBUG ClientManager:54 - Receiving the response.
2015-06-02 14:36:18 INFO  ClientManager:63 - RESPONSE: {"id":11,"title":"Kati trexei me ti Mairi11","category":"Commedy","description":"Polu orraia tainia"}
2015-06-02 14:36:18 DEBUG ClientManager:68 - Completed.
2015-06-02 14:36:18 DEBUG ClientManager:38 - Opening the connection.
2015-06-02 14:36:18 DEBUG ClientManager:45 - Sending the request.
2015-06-02 14:36:18 DEBUG ClientManager:54 - Receiving the response.
2015-06-02 14:36:19 INFO  ClientManager:63 - RESPONSE: {"id":12,"title":"Kati trexei me ti Mairi12","category":"Commedy","description":"Polu orraia tainia"}
2015-06-02 14:36:19 DEBUG ClientManager:68 - Completed.
2015-06-02 14:36:19 DEBUG ClientManager:38 - Opening the connection.
2015-06-02 14:36:19 DEBUG ClientManager:45 - Sending the request.
2015-06-02 14:36:19 DEBUG ClientManager:54 - Receiving the response.
2015-06-02 14:36:20 INFO  ClientManager:63 - RESPONSE: {"id":13,"title":"Kati trexei me ti Mairi13","category":"Commedy","description":"Polu orraia tainia"}
2015-06-02 14:36:20 DEBUG ClientManager:68 - Completed.
2015-06-02 14:36:20 DEBUG ClientManager:38 - Opening the connection.
2015-06-02 14:36:20 DEBUG ClientManager:45 - Sending the request.
2015-06-02 14:36:20 DEBUG ClientManager:54 - Receiving the response.
2015-06-02 14:36:20 INFO  ClientManager:63 - RESPONSE: {"id":14,"title":"Kati trexei me ti Mairi14","category":"Commedy","description":"Polu orraia tainia"}
2015-06-02 14:36:20 DEBUG ClientManager:68 - Completed.
2015-06-02 14:36:20 DEBUG ClientManager:38 - Opening the connection.
2015-06-02 14:36:20 DEBUG ClientManager:45 - Sending the request.
2015-06-02 14:36:20 DEBUG ClientManager:54 - Receiving the response.
2015-06-02 14:36:20 INFO  ClientManager:63 - RESPONSE: {"id":15,"title":"Kati trexei me ti Mairi15","category":"Commedy","description":"Polu orraia tainia"}
2015-06-02 14:36:20 DEBUG ClientManager:68 - Completed.
2015-06-02 14:36:20 DEBUG ClientManager:38 - Opening the connection.
2015-06-02 14:36:20 DEBUG ClientManager:45 - Sending the request.
2015-06-02 14:36:20 DEBUG ClientManager:54 - Receiving the response.
2015-06-02 14:36:20 INFO  ClientManager:63 - RESPONSE: {"id":16,"title":"Kati trexei me ti Mairi16","category":"Commedy","description":"Polu orraia tainia"}
2015-06-02 14:36:20 DEBUG ClientManager:68 - Completed.
2015-06-02 14:36:20 DEBUG ClientManager:38 - Opening the connection.
2015-06-02 14:36:20 DEBUG ClientManager:45 - Sending the request.
2015-06-02 14:36:20 DEBUG ClientManager:54 - Receiving the response.
2015-06-02 14:36:20 INFO  ClientManager:63 - RESPONSE: {"id":17,"title":"Kati trexei me ti Mairi17","category":"Commedy","description":"Polu orraia tainia"}
2015-06-02 14:36:20 DEBUG ClientManager:68 - Completed.
2015-06-02 14:36:20 DEBUG ClientManager:38 - Opening the connection.
2015-06-02 14:36:20 DEBUG ClientManager:45 - Sending the request.
2015-06-02 14:36:20 DEBUG ClientManager:54 - Receiving the response.
2015-06-02 14:36:20 INFO  ClientManager:63 - RESPONSE: {"id":18,"title":"Kati trexei me ti Mairi18","category":"Commedy","description":"Polu orraia tainia"}
2015-06-02 14:36:20 DEBUG ClientManager:68 - Completed.
2015-06-02 14:36:20 DEBUG ClientManager:38 - Opening the connection.
2015-06-02 14:36:20 DEBUG ClientManager:45 - Sending the request.
2015-06-02 14:36:20 DEBUG ClientManager:54 - Receiving the response.
2015-06-02 14:36:20 INFO  ClientManager:63 - RESPONSE: {"id":19,"title":"Kati trexei me ti Mairi19","category":"Commedy","description":"Polu orraia tainia"}
2015-06-02 14:36:20 DEBUG ClientManager:68 - Completed.
2015-06-02 14:37:03 DEBUG ClientManager:38 - Opening the connection.
2015-06-02 14:37:03 INFO  PropertiesUtilities:31 - Property file loaded successfully.
2015-06-02 14:37:03 DEBUG ClientManager:45 - Sending the request.
2015-06-02 14:37:03 DEBUG ClientManager:54 - Receiving the response.
2015-06-02 14:37:03 INFO  ClientManager:60 - RESPONSE: Session id received - 6
2015-06-02 14:37:03 DEBUG ClientManager:68 - Completed.
2015-06-02 14:37:03 DEBUG ClientManager:38 - Opening the connection.
2015-06-02 14:37:03 DEBUG ClientManager:45 - Sending the request.
2015-06-02 14:37:03 DEBUG ClientManager:54 - Receiving the response.
2015-06-02 14:37:03 INFO  ClientManager:63 - RESPONSE: {"name":"Content Adminopoulos","username":"contentable","password":"0E4D7DDF18FEE3FABC96B233950F87DF"}
2015-06-02 14:37:03 DEBUG ClientManager:68 - Completed.
2015-06-02 14:37:03 DEBUG ClientManager:38 - Opening the connection.
2015-06-02 14:37:03 DEBUG ClientManager:45 - Sending the request.
2015-06-02 14:37:03 DEBUG ClientManager:54 - Receiving the response.
2015-06-02 14:37:03 INFO  ClientManager:60 - RESPONSE: Session id received - 7
2015-06-02 14:37:03 DEBUG ClientManager:68 - Completed.
2015-06-02 14:37:03 DEBUG ClientManager:38 - Opening the connection.
2015-06-02 14:37:03 DEBUG ClientManager:45 - Sending the request.
2015-06-02 14:37:03 DEBUG ClientManager:54 - Receiving the response.
2015-06-02 14:37:07 INFO  ClientManager:63 - RESPONSE: []
2015-06-02 14:37:07 DEBUG ClientManager:68 - Completed.
2015-06-02 14:38:22 DEBUG ClientManager:38 - Opening the connection.
2015-06-02 14:38:22 INFO  PropertiesUtilities:31 - Property file loaded successfully.
2015-06-02 14:38:22 DEBUG ClientManager:45 - Sending the request.
2015-06-02 14:38:22 DEBUG ClientManager:54 - Receiving the response.
2015-06-02 14:38:22 INFO  ClientManager:60 - RESPONSE: Session id received - 8
2015-06-02 14:38:22 DEBUG ClientManager:68 - Completed.
2015-06-02 14:38:22 DEBUG ClientManager:38 - Opening the connection.
2015-06-02 14:38:22 DEBUG ClientManager:45 - Sending the request.
2015-06-02 14:38:22 DEBUG ClientManager:54 - Receiving the response.
2015-06-02 14:38:22 INFO  ClientManager:63 - RESPONSE: {"name":"Content Adminopoulos","username":"contentable","password":"0E4D7DDF18FEE3FABC96B233950F87DF"}
2015-06-02 14:38:22 DEBUG ClientManager:68 - Completed.
2015-06-02 14:38:22 DEBUG ClientManager:38 - Opening the connection.
2015-06-02 14:38:22 DEBUG ClientManager:45 - Sending the request.
2015-06-02 14:38:22 DEBUG ClientManager:54 - Receiving the response.
2015-06-02 14:38:22 INFO  ClientManager:60 - RESPONSE: Session id received - 9
2015-06-02 14:38:22 DEBUG ClientManager:68 - Completed.
2015-06-02 14:38:22 DEBUG ClientManager:38 - Opening the connection.
2015-06-02 14:38:22 DEBUG ClientManager:45 - Sending the request.
2015-06-02 14:38:22 DEBUG ClientManager:54 - Receiving the response.
2015-06-02 14:38:55 INFO  ClientManager:63 - RESPONSE: []
2015-06-02 14:38:55 DEBUG ClientManager:68 - Completed.
2015-06-02 14:39:01 DEBUG ClientManager:38 - Opening the connection.
2015-06-02 14:39:01 INFO  PropertiesUtilities:31 - Property file loaded successfully.
2015-06-02 14:39:01 DEBUG ClientManager:45 - Sending the request.
2015-06-02 14:39:01 DEBUG ClientManager:54 - Receiving the response.
2015-06-02 14:39:01 INFO  ClientManager:60 - RESPONSE: Session id received - 10
2015-06-02 14:39:01 DEBUG ClientManager:68 - Completed.
2015-06-02 14:39:01 DEBUG ClientManager:38 - Opening the connection.
2015-06-02 14:39:01 DEBUG ClientManager:45 - Sending the request.
2015-06-02 14:39:01 DEBUG ClientManager:54 - Receiving the response.
2015-06-02 14:39:01 INFO  ClientManager:63 - RESPONSE: {"name":"Content Adminopoulos","username":"contentable","password":"0E4D7DDF18FEE3FABC96B233950F87DF"}
2015-06-02 14:39:01 DEBUG ClientManager:68 - Completed.
2015-06-02 14:39:01 DEBUG ClientManager:38 - Opening the connection.
2015-06-02 14:39:01 DEBUG ClientManager:45 - Sending the request.
2015-06-02 14:39:01 DEBUG ClientManager:54 - Receiving the response.
2015-06-02 14:39:01 INFO  ClientManager:60 - RESPONSE: Session id received - 11
2015-06-02 14:39:01 DEBUG ClientManager:68 - Completed.
2015-06-02 14:39:01 DEBUG ClientManager:38 - Opening the connection.
2015-06-02 14:39:01 DEBUG ClientManager:45 - Sending the request.
2015-06-02 14:39:01 DEBUG ClientManager:54 - Receiving the response.
2015-06-02 14:39:31 INFO  ClientManager:63 - RESPONSE: []
2015-06-02 14:39:31 DEBUG ClientManager:68 - Completed.
2015-06-02 14:39:45 DEBUG ClientManager:38 - Opening the connection.
2015-06-02 14:39:45 INFO  PropertiesUtilities:31 - Property file loaded successfully.
2015-06-02 14:39:45 DEBUG ClientManager:45 - Sending the request.
2015-06-02 14:39:45 DEBUG ClientManager:54 - Receiving the response.
2015-06-02 14:39:45 INFO  ClientManager:60 - RESPONSE: Session id received - 12
2015-06-02 14:39:45 DEBUG ClientManager:68 - Completed.
2015-06-02 14:39:45 DEBUG ClientManager:38 - Opening the connection.
2015-06-02 14:39:45 DEBUG ClientManager:45 - Sending the request.
2015-06-02 14:39:45 DEBUG ClientManager:54 - Receiving the response.
2015-06-02 14:39:45 INFO  ClientManager:63 - RESPONSE: {"name":"Content Adminopoulos","username":"contentable","password":"0E4D7DDF18FEE3FABC96B233950F87DF"}
2015-06-02 14:39:45 DEBUG ClientManager:68 - Completed.
2015-06-02 14:39:45 DEBUG ClientManager:38 - Opening the connection.
2015-06-02 14:39:45 DEBUG ClientManager:45 - Sending the request.
2015-06-02 14:39:45 DEBUG ClientManager:54 - Receiving the response.
2015-06-02 14:39:45 INFO  ClientManager:60 - RESPONSE: Session id received - 13
2015-06-02 14:39:45 DEBUG ClientManager:68 - Completed.
2015-06-02 14:39:45 DEBUG ClientManager:38 - Opening the connection.
2015-06-02 14:39:45 DEBUG ClientManager:45 - Sending the request.
2015-06-02 14:39:45 DEBUG ClientManager:54 - Receiving the response.
2015-06-02 14:39:50 INFO  ClientManager:63 - RESPONSE: [{"id":2,"title":"Kati trexei me ti Mairi2","category":"Commedy","description":"Polu orraia tainia"}]
2015-06-02 14:39:50 DEBUG ClientManager:68 - Completed.
2015-06-02 14:57:54 DEBUG ClientManager:38 - Opening the connection.
2015-06-02 14:57:54 INFO  PropertiesUtilities:31 - Property file loaded successfully.
2015-06-02 14:57:54 DEBUG ClientManager:45 - Sending the request.
2015-06-02 14:57:54 DEBUG ClientManager:54 - Receiving the response.
2015-06-02 14:57:54 INFO  ClientManager:60 - RESPONSE: Session id received - 2
2015-06-02 14:57:54 DEBUG ClientManager:68 - Completed.
2015-06-02 14:57:54 DEBUG ClientManager:38 - Opening the connection.
2015-06-02 14:57:54 DEBUG ClientManager:45 - Sending the request.
2015-06-02 14:57:54 DEBUG ClientManager:54 - Receiving the response.
2015-06-02 14:57:54 INFO  ClientManager:63 - RESPONSE: {"name":"Content Adminopoulos","username":"contentable","password":"0E4D7DDF18FEE3FABC96B233950F87DF"}
2015-06-02 14:57:54 DEBUG ClientManager:68 - Completed.
2015-06-02 14:57:55 DEBUG ClientManager:38 - Opening the connection.
2015-06-02 14:57:55 DEBUG ClientManager:45 - Sending the request.
2015-06-02 14:57:55 DEBUG ClientManager:54 - Receiving the response.
2015-06-02 14:57:55 INFO  ClientManager:60 - RESPONSE: Session id received - 3
2015-06-02 14:57:55 DEBUG ClientManager:68 - Completed.
2015-06-02 14:57:56 DEBUG ClientManager:38 - Opening the connection.
2015-06-02 14:57:56 DEBUG ClientManager:45 - Sending the request.
2015-06-02 14:57:56 DEBUG ClientManager:54 - Receiving the response.
2015-06-02 14:57:56 INFO  ClientManager:63 - RESPONSE: [{"id":2,"title":"Kati trexei me ti Mairi2","category":"Commedy","description":"Polu orraia tainia"}]
2015-06-02 14:57:56 DEBUG ClientManager:68 - Completed.
2015-06-02 14:57:56 DEBUG ClientManager:38 - Opening the connection.
2015-06-02 14:57:56 DEBUG ClientManager:45 - Sending the request.
2015-06-02 14:57:56 DEBUG ClientManager:54 - Receiving the response.
2015-06-02 14:57:56 ERROR ClientManager:66 - Server connection failed.
java.io.EOFException
	at java.io.DataInputStream.readFully(DataInputStream.java:197)
	at java.io.DataInputStream.readUTF(DataInputStream.java:609)
	at java.io.DataInputStream.readUTF(DataInputStream.java:564)
	at gr.unipi.mainpackage.client.service.ClientManager.run(ClientManager.java:56)
2015-06-02 14:57:56 DEBUG ClientManager:68 - Completed.
2015-06-02 14:57:57 DEBUG ClientManager:38 - Opening the connection.
2015-06-02 14:57:57 DEBUG ClientManager:45 - Sending the request.
2015-06-02 14:57:57 DEBUG ClientManager:54 - Receiving the response.
2015-06-02 14:57:57 ERROR ClientManager:66 - Server connection failed.
java.io.EOFException
	at java.io.DataInputStream.readFully(DataInputStream.java:197)
	at java.io.DataInputStream.readUTF(DataInputStream.java:609)
	at java.io.DataInputStream.readUTF(DataInputStream.java:564)
	at gr.unipi.mainpackage.client.service.ClientManager.run(ClientManager.java:56)
2015-06-02 14:57:57 DEBUG ClientManager:68 - Completed.
2015-06-02 14:57:58 DEBUG ClientManager:38 - Opening the connection.
2015-06-02 14:57:58 DEBUG ClientManager:45 - Sending the request.
2015-06-02 14:57:58 DEBUG ClientManager:54 - Receiving the response.
2015-06-02 14:57:58 ERROR ClientManager:66 - Server connection failed.
java.io.EOFException
	at java.io.DataInputStream.readFully(DataInputStream.java:197)
	at java.io.DataInputStream.readUTF(DataInputStream.java:609)
	at java.io.DataInputStream.readUTF(DataInputStream.java:564)
	at gr.unipi.mainpackage.client.service.ClientManager.run(ClientManager.java:56)
2015-06-02 14:57:58 DEBUG ClientManager:68 - Completed.
2015-06-02 14:57:59 DEBUG ClientManager:38 - Opening the connection.
2015-06-02 14:57:59 DEBUG ClientManager:45 - Sending the request.
2015-06-02 14:57:59 DEBUG ClientManager:54 - Receiving the response.
2015-06-02 14:57:59 ERROR ClientManager:66 - Server connection failed.
java.io.EOFException
	at java.io.DataInputStream.readFully(DataInputStream.java:197)
	at java.io.DataInputStream.readUTF(DataInputStream.java:609)
	at java.io.DataInputStream.readUTF(DataInputStream.java:564)
	at gr.unipi.mainpackage.client.service.ClientManager.run(ClientManager.java:56)
2015-06-02 14:57:59 DEBUG ClientManager:68 - Completed.
2015-06-02 14:58:00 DEBUG ClientManager:38 - Opening the connection.
2015-06-02 14:58:00 DEBUG ClientManager:45 - Sending the request.
2015-06-02 14:58:00 DEBUG ClientManager:54 - Receiving the response.
2015-06-02 14:58:00 ERROR ClientManager:66 - Server connection failed.
java.io.EOFException
	at java.io.DataInputStream.readFully(DataInputStream.java:197)
	at java.io.DataInputStream.readUTF(DataInputStream.java:609)
	at java.io.DataInputStream.readUTF(DataInputStream.java:564)
	at gr.unipi.mainpackage.client.service.ClientManager.run(ClientManager.java:56)
2015-06-02 14:58:00 DEBUG ClientManager:68 - Completed.
2015-06-02 14:58:00 DEBUG ClientManager:38 - Opening the connection.
2015-06-02 14:58:00 DEBUG ClientManager:45 - Sending the request.
2015-06-02 14:58:00 DEBUG ClientManager:54 - Receiving the response.
2015-06-02 14:58:00 ERROR ClientManager:66 - Server connection failed.
java.io.EOFException
	at java.io.DataInputStream.readFully(DataInputStream.java:197)
	at java.io.DataInputStream.readUTF(DataInputStream.java:609)
	at java.io.DataInputStream.readUTF(DataInputStream.java:564)
	at gr.unipi.mainpackage.client.service.ClientManager.run(ClientManager.java:56)
2015-06-02 14:58:00 DEBUG ClientManager:68 - Completed.
2015-06-02 14:58:00 DEBUG ClientManager:38 - Opening the connection.
2015-06-02 14:58:00 DEBUG ClientManager:45 - Sending the request.
2015-06-02 14:58:00 DEBUG ClientManager:54 - Receiving the response.
2015-06-02 14:58:00 ERROR ClientManager:66 - Server connection failed.
java.io.EOFException
	at java.io.DataInputStream.readFully(DataInputStream.java:197)
	at java.io.DataInputStream.readUTF(DataInputStream.java:609)
	at java.io.DataInputStream.readUTF(DataInputStream.java:564)
	at gr.unipi.mainpackage.client.service.ClientManager.run(ClientManager.java:56)
2015-06-02 14:58:00 DEBUG ClientManager:68 - Completed.
2015-06-02 14:58:00 DEBUG ClientManager:38 - Opening the connection.
2015-06-02 14:58:00 DEBUG ClientManager:45 - Sending the request.
2015-06-02 14:58:00 DEBUG ClientManager:54 - Receiving the response.
2015-06-02 14:58:00 ERROR ClientManager:66 - Server connection failed.
java.io.EOFException
	at java.io.DataInputStream.readFully(DataInputStream.java:197)
	at java.io.DataInputStream.readUTF(DataInputStream.java:609)
	at java.io.DataInputStream.readUTF(DataInputStream.java:564)
	at gr.unipi.mainpackage.client.service.ClientManager.run(ClientManager.java:56)
2015-06-02 14:58:00 DEBUG ClientManager:68 - Completed.
2015-06-02 14:58:01 DEBUG ClientManager:38 - Opening the connection.
2015-06-02 14:58:01 DEBUG ClientManager:45 - Sending the request.
2015-06-02 14:58:01 DEBUG ClientManager:54 - Receiving the response.
2015-06-02 14:58:01 ERROR ClientManager:66 - Server connection failed.
java.io.EOFException
	at java.io.DataInputStream.readFully(DataInputStream.java:197)
	at java.io.DataInputStream.readUTF(DataInputStream.java:609)
	at java.io.DataInputStream.readUTF(DataInputStream.java:564)
	at gr.unipi.mainpackage.client.service.ClientManager.run(ClientManager.java:56)
2015-06-02 14:58:01 DEBUG ClientManager:68 - Completed.
2015-06-02 14:58:01 DEBUG ClientManager:38 - Opening the connection.
2015-06-02 14:58:01 DEBUG ClientManager:45 - Sending the request.
2015-06-02 14:58:01 DEBUG ClientManager:54 - Receiving the response.
2015-06-02 14:58:01 ERROR ClientManager:66 - Server connection failed.
java.io.EOFException
	at java.io.DataInputStream.readFully(DataInputStream.java:197)
	at java.io.DataInputStream.readUTF(DataInputStream.java:609)
	at java.io.DataInputStream.readUTF(DataInputStream.java:564)
	at gr.unipi.mainpackage.client.service.ClientManager.run(ClientManager.java:56)
2015-06-02 14:58:01 DEBUG ClientManager:68 - Completed.
2015-06-02 14:58:01 DEBUG ClientManager:38 - Opening the connection.
2015-06-02 14:58:01 DEBUG ClientManager:45 - Sending the request.
2015-06-02 14:58:01 DEBUG ClientManager:54 - Receiving the response.
2015-06-02 14:58:01 ERROR ClientManager:66 - Server connection failed.
java.io.EOFException
	at java.io.DataInputStream.readFully(DataInputStream.java:197)
	at java.io.DataInputStream.readUTF(DataInputStream.java:609)
	at java.io.DataInputStream.readUTF(DataInputStream.java:564)
	at gr.unipi.mainpackage.client.service.ClientManager.run(ClientManager.java:56)
2015-06-02 14:58:01 DEBUG ClientManager:68 - Completed.
2015-06-02 14:58:01 DEBUG ClientManager:38 - Opening the connection.
2015-06-02 14:58:01 DEBUG ClientManager:45 - Sending the request.
2015-06-02 14:58:01 DEBUG ClientManager:54 - Receiving the response.
2015-06-02 14:58:01 ERROR ClientManager:66 - Server connection failed.
java.io.EOFException
	at java.io.DataInputStream.readFully(DataInputStream.java:197)
	at java.io.DataInputStream.readUTF(DataInputStream.java:609)
	at java.io.DataInputStream.readUTF(DataInputStream.java:564)
	at gr.unipi.mainpackage.client.service.ClientManager.run(ClientManager.java:56)
2015-06-02 14:58:01 DEBUG ClientManager:68 - Completed.
2015-06-02 14:58:01 DEBUG ClientManager:38 - Opening the connection.
2015-06-02 14:58:01 DEBUG ClientManager:45 - Sending the request.
2015-06-02 14:58:01 DEBUG ClientManager:54 - Receiving the response.
2015-06-02 14:58:01 ERROR ClientManager:66 - Server connection failed.
java.io.EOFException
	at java.io.DataInputStream.readFully(DataInputStream.java:197)
	at java.io.DataInputStream.readUTF(DataInputStream.java:609)
	at java.io.DataInputStream.readUTF(DataInputStream.java:564)
	at gr.unipi.mainpackage.client.service.ClientManager.run(ClientManager.java:56)
2015-06-02 14:58:01 DEBUG ClientManager:68 - Completed.
2015-06-02 14:58:02 DEBUG ClientManager:38 - Opening the connection.
2015-06-02 14:58:02 DEBUG ClientManager:45 - Sending the request.
2015-06-02 14:58:02 DEBUG ClientManager:54 - Receiving the response.
2015-06-02 14:58:02 ERROR ClientManager:66 - Server connection failed.
java.io.EOFException
	at java.io.DataInputStream.readFully(DataInputStream.java:197)
	at java.io.DataInputStream.readUTF(DataInputStream.java:609)
	at java.io.DataInputStream.readUTF(DataInputStream.java:564)
	at gr.unipi.mainpackage.client.service.ClientManager.run(ClientManager.java:56)
2015-06-02 14:58:02 DEBUG ClientManager:68 - Completed.
2015-06-02 14:58:02 DEBUG ClientManager:38 - Opening the connection.
2015-06-02 14:58:02 DEBUG ClientManager:45 - Sending the request.
2015-06-02 14:58:02 DEBUG ClientManager:54 - Receiving the response.
2015-06-02 14:58:02 ERROR ClientManager:66 - Server connection failed.
java.io.EOFException
	at java.io.DataInputStream.readFully(DataInputStream.java:197)
	at java.io.DataInputStream.readUTF(DataInputStream.java:609)
	at java.io.DataInputStream.readUTF(DataInputStream.java:564)
	at gr.unipi.mainpackage.client.service.ClientManager.run(ClientManager.java:56)
2015-06-02 14:58:02 DEBUG ClientManager:68 - Completed.
2015-06-02 14:58:02 DEBUG ClientManager:38 - Opening the connection.
2015-06-02 14:58:02 DEBUG ClientManager:45 - Sending the request.
2015-06-02 14:58:02 DEBUG ClientManager:54 - Receiving the response.
2015-06-02 14:58:02 ERROR ClientManager:66 - Server connection failed.
java.io.EOFException
	at java.io.DataInputStream.readFully(DataInputStream.java:197)
	at java.io.DataInputStream.readUTF(DataInputStream.java:609)
	at java.io.DataInputStream.readUTF(DataInputStream.java:564)
	at gr.unipi.mainpackage.client.service.ClientManager.run(ClientManager.java:56)
2015-06-02 14:58:02 DEBUG ClientManager:68 - Completed.
2015-06-02 14:58:03 DEBUG ClientManager:38 - Opening the connection.
2015-06-02 14:58:03 DEBUG ClientManager:45 - Sending the request.
2015-06-02 14:58:03 DEBUG ClientManager:54 - Receiving the response.
2015-06-02 14:58:03 ERROR ClientManager:66 - Server connection failed.
java.io.EOFException
	at java.io.DataInputStream.readFully(DataInputStream.java:197)
	at java.io.DataInputStream.readUTF(DataInputStream.java:609)
	at java.io.DataInputStream.readUTF(DataInputStream.java:564)
	at gr.unipi.mainpackage.client.service.ClientManager.run(ClientManager.java:56)
2015-06-02 14:58:03 DEBUG ClientManager:68 - Completed.
2015-06-02 14:58:03 DEBUG ClientManager:38 - Opening the connection.
2015-06-02 14:58:03 DEBUG ClientManager:45 - Sending the request.
2015-06-02 14:58:03 DEBUG ClientManager:54 - Receiving the response.
2015-06-02 14:58:03 ERROR ClientManager:66 - Server connection failed.
java.io.EOFException
	at java.io.DataInputStream.readFully(DataInputStream.java:197)
	at java.io.DataInputStream.readUTF(DataInputStream.java:609)
	at java.io.DataInputStream.readUTF(DataInputStream.java:564)
	at gr.unipi.mainpackage.client.service.ClientManager.run(ClientManager.java:56)
2015-06-02 14:58:03 DEBUG ClientManager:68 - Completed.
2015-06-02 14:58:04 DEBUG ClientManager:38 - Opening the connection.
2015-06-02 14:58:04 DEBUG ClientManager:45 - Sending the request.
2015-06-02 14:58:04 DEBUG ClientManager:54 - Receiving the response.
2015-06-02 14:58:04 ERROR ClientManager:66 - Server connection failed.
java.io.EOFException
	at java.io.DataInputStream.readFully(DataInputStream.java:197)
	at java.io.DataInputStream.readUTF(DataInputStream.java:609)
	at java.io.DataInputStream.readUTF(DataInputStream.java:564)
	at gr.unipi.mainpackage.client.service.ClientManager.run(ClientManager.java:56)
2015-06-02 14:58:04 DEBUG ClientManager:68 - Completed.
2015-06-02 14:58:04 DEBUG ClientManager:38 - Opening the connection.
2015-06-02 14:58:04 DEBUG ClientManager:45 - Sending the request.
2015-06-02 14:58:04 DEBUG ClientManager:54 - Receiving the response.
2015-06-02 14:58:04 ERROR ClientManager:66 - Server connection failed.
java.io.EOFException
	at java.io.DataInputStream.readFully(DataInputStream.java:197)
	at java.io.DataInputStream.readUTF(DataInputStream.java:609)
	at java.io.DataInputStream.readUTF(DataInputStream.java:564)
	at gr.unipi.mainpackage.client.service.ClientManager.run(ClientManager.java:56)
2015-06-02 14:58:04 DEBUG ClientManager:68 - Completed.
2015-06-02 14:58:04 DEBUG ClientManager:38 - Opening the connection.
2015-06-02 14:58:04 DEBUG ClientManager:45 - Sending the request.
2015-06-02 14:58:04 DEBUG ClientManager:54 - Receiving the response.
2015-06-02 14:58:14 ERROR ClientManager:66 - Server connection failed.
java.io.EOFException
	at java.io.DataInputStream.readFully(DataInputStream.java:197)
	at java.io.DataInputStream.readUTF(DataInputStream.java:609)
	at java.io.DataInputStream.readUTF(DataInputStream.java:564)
	at gr.unipi.mainpackage.client.service.ClientManager.run(ClientManager.java:56)
2015-06-02 14:58:14 DEBUG ClientManager:68 - Completed.
2015-06-02 14:59:23 DEBUG ClientManager:38 - Opening the connection.
2015-06-02 14:59:23 INFO  PropertiesUtilities:31 - Property file loaded successfully.
2015-06-02 14:59:23 DEBUG ClientManager:45 - Sending the request.
2015-06-02 14:59:23 DEBUG ClientManager:54 - Receiving the response.
2015-06-02 14:59:23 INFO  ClientManager:60 - RESPONSE: Session id received - 2
2015-06-02 14:59:23 DEBUG ClientManager:68 - Completed.
2015-06-02 14:59:23 DEBUG ClientManager:38 - Opening the connection.
2015-06-02 14:59:23 DEBUG ClientManager:45 - Sending the request.
2015-06-02 14:59:23 DEBUG ClientManager:54 - Receiving the response.
2015-06-02 14:59:23 INFO  ClientManager:63 - RESPONSE: {"name":"Content Adminopoulos","username":"contentable","password":"0E4D7DDF18FEE3FABC96B233950F87DF"}
2015-06-02 14:59:23 DEBUG ClientManager:68 - Completed.
2015-06-02 14:59:23 DEBUG ClientManager:38 - Opening the connection.
2015-06-02 14:59:23 DEBUG ClientManager:45 - Sending the request.
2015-06-02 14:59:23 DEBUG ClientManager:54 - Receiving the response.
2015-06-02 14:59:23 INFO  ClientManager:63 - RESPONSE: {"id":0,"filmId":0,"cinemaRoomId":-1,"startDate":"02.06.2015","endDate":"02.06.2015","numberOfReservations":-1166257546,"available":true}
2015-06-02 14:59:23 DEBUG ClientManager:68 - Completed.
2015-06-02 14:59:23 DEBUG ClientManager:38 - Opening the connection.
2015-06-02 14:59:23 DEBUG ClientManager:45 - Sending the request.
2015-06-02 14:59:23 DEBUG ClientManager:54 - Receiving the response.
2015-06-02 14:59:23 INFO  ClientManager:63 - RESPONSE: {"id":1,"filmId":1,"cinemaRoomId":-1,"startDate":"02.06.2015","endDate":"02.06.2015","numberOfReservations":1564841655,"available":false}
2015-06-02 14:59:23 DEBUG ClientManager:68 - Completed.
2015-06-02 14:59:23 DEBUG ClientManager:38 - Opening the connection.
2015-06-02 14:59:23 DEBUG ClientManager:45 - Sending the request.
2015-06-02 14:59:23 DEBUG ClientManager:54 - Receiving the response.
2015-06-02 14:59:23 INFO  ClientManager:63 - RESPONSE: {"id":2,"filmId":2,"cinemaRoomId":-1,"startDate":"02.06.2015","endDate":"02.06.2015","numberOfReservations":-52486579,"available":false}
2015-06-02 14:59:23 DEBUG ClientManager:68 - Completed.
2015-06-02 14:59:23 DEBUG ClientManager:38 - Opening the connection.
2015-06-02 14:59:23 DEBUG ClientManager:45 - Sending the request.
2015-06-02 14:59:23 DEBUG ClientManager:54 - Receiving the response.
2015-06-02 14:59:23 INFO  ClientManager:63 - RESPONSE: {"id":3,"filmId":0,"cinemaRoomId":-1,"startDate":"02.06.2015","endDate":"02.06.2015","numberOfReservations":158885860,"available":true}
2015-06-02 14:59:23 DEBUG ClientManager:68 - Completed.
2015-06-02 14:59:23 DEBUG ClientManager:38 - Opening the connection.
2015-06-02 14:59:23 DEBUG ClientManager:45 - Sending the request.
2015-06-02 14:59:23 DEBUG ClientManager:54 - Receiving the response.
2015-06-02 14:59:23 INFO  ClientManager:63 - RESPONSE: {"id":4,"filmId":1,"cinemaRoomId":-1,"startDate":"02.06.2015","endDate":"02.06.2015","numberOfReservations":-1693311323,"available":false}
2015-06-02 14:59:23 DEBUG ClientManager:68 - Completed.
2015-06-02 14:59:23 DEBUG ClientManager:38 - Opening the connection.
2015-06-02 14:59:23 DEBUG ClientManager:45 - Sending the request.
2015-06-02 14:59:23 DEBUG ClientManager:54 - Receiving the response.
2015-06-02 14:59:23 INFO  ClientManager:63 - RESPONSE: {"id":5,"filmId":2,"cinemaRoomId":-1,"startDate":"02.06.2015","endDate":"02.06.2015","numberOfReservations":-1416371156,"available":false}
2015-06-02 14:59:23 DEBUG ClientManager:68 - Completed.
2015-06-02 14:59:23 DEBUG ClientManager:38 - Opening the connection.
2015-06-02 14:59:23 DEBUG ClientManager:45 - Sending the request.
2015-06-02 14:59:23 DEBUG ClientManager:54 - Receiving the response.
2015-06-02 14:59:23 INFO  ClientManager:63 - RESPONSE: {"id":6,"filmId":0,"cinemaRoomId":-1,"startDate":"02.06.2015","endDate":"02.06.2015","numberOfReservations":1951109561,"available":true}
2015-06-02 14:59:23 DEBUG ClientManager:68 - Completed.
2015-06-02 14:59:23 DEBUG ClientManager:38 - Opening the connection.
2015-06-02 14:59:23 DEBUG ClientManager:45 - Sending the request.
2015-06-02 14:59:23 DEBUG ClientManager:54 - Receiving the response.
2015-06-02 14:59:23 INFO  ClientManager:63 - RESPONSE: {"id":7,"filmId":1,"cinemaRoomId":-1,"startDate":"02.06.2015","endDate":"02.06.2015","numberOfReservations":1241693413,"available":false}
2015-06-02 14:59:23 DEBUG ClientManager:68 - Completed.
2015-06-02 14:59:23 DEBUG ClientManager:38 - Opening the connection.
2015-06-02 14:59:23 DEBUG ClientManager:45 - Sending the request.
2015-06-02 14:59:23 DEBUG ClientManager:54 - Receiving the response.
2015-06-02 14:59:23 INFO  ClientManager:63 - RESPONSE: {"id":8,"filmId":2,"cinemaRoomId":-1,"startDate":"02.06.2015","endDate":"02.06.2015","numberOfReservations":-157012269,"available":false}
2015-06-02 14:59:23 DEBUG ClientManager:68 - Completed.
2015-06-02 14:59:23 DEBUG ClientManager:38 - Opening the connection.
2015-06-02 14:59:23 DEBUG ClientManager:45 - Sending the request.
2015-06-02 14:59:23 DEBUG ClientManager:54 - Receiving the response.
2015-06-02 14:59:23 INFO  ClientManager:63 - RESPONSE: {"id":9,"filmId":0,"cinemaRoomId":-1,"startDate":"02.06.2015","endDate":"02.06.2015","numberOfReservations":-862108974,"available":true}
2015-06-02 14:59:23 DEBUG ClientManager:68 - Completed.
2015-06-02 14:59:23 DEBUG ClientManager:38 - Opening the connection.
2015-06-02 14:59:23 DEBUG ClientManager:45 - Sending the request.
2015-06-02 14:59:23 DEBUG ClientManager:54 - Receiving the response.
2015-06-02 14:59:23 INFO  ClientManager:63 - RESPONSE: {"id":10,"filmId":1,"cinemaRoomId":-1,"startDate":"02.06.2015","endDate":"02.06.2015","numberOfReservations":748975349,"available":false}
2015-06-02 14:59:23 DEBUG ClientManager:68 - Completed.
2015-06-02 14:59:23 DEBUG ClientManager:38 - Opening the connection.
2015-06-02 14:59:23 DEBUG ClientManager:45 - Sending the request.
2015-06-02 14:59:23 DEBUG ClientManager:54 - Receiving the response.
2015-06-02 14:59:23 INFO  ClientManager:63 - RESPONSE: {"id":11,"filmId":2,"cinemaRoomId":-1,"startDate":"02.06.2015","endDate":"02.06.2015","numberOfReservations":1939851796,"available":false}
2015-06-02 14:59:23 DEBUG ClientManager:68 - Completed.
2015-06-02 14:59:23 DEBUG ClientManager:38 - Opening the connection.
2015-06-02 14:59:23 DEBUG ClientManager:45 - Sending the request.
2015-06-02 14:59:23 DEBUG ClientManager:54 - Receiving the response.
2015-06-02 14:59:23 INFO  ClientManager:63 - RESPONSE: {"id":12,"filmId":0,"cinemaRoomId":-1,"startDate":"02.06.2015","endDate":"02.06.2015","numberOfReservations":-1788309840,"available":true}
2015-06-02 14:59:23 DEBUG ClientManager:68 - Completed.
2015-06-02 14:59:23 DEBUG ClientManager:38 - Opening the connection.
2015-06-02 14:59:23 DEBUG ClientManager:45 - Sending the request.
2015-06-02 14:59:23 DEBUG ClientManager:54 - Receiving the response.
2015-06-02 14:59:23 INFO  ClientManager:63 - RESPONSE: {"id":13,"filmId":1,"cinemaRoomId":-1,"startDate":"02.06.2015","endDate":"02.06.2015","numberOfReservations":-359831903,"available":false}
2015-06-02 14:59:23 DEBUG ClientManager:68 - Completed.
2015-06-02 14:59:23 DEBUG ClientManager:38 - Opening the connection.
2015-06-02 14:59:23 DEBUG ClientManager:45 - Sending the request.
2015-06-02 14:59:23 DEBUG ClientManager:54 - Receiving the response.
2015-06-02 14:59:23 INFO  ClientManager:63 - RESPONSE: {"id":14,"filmId":2,"cinemaRoomId":-1,"startDate":"02.06.2015","endDate":"02.06.2015","numberOfReservations":-1178927677,"available":false}
2015-06-02 14:59:23 DEBUG ClientManager:68 - Completed.
2015-06-02 14:59:23 DEBUG ClientManager:38 - Opening the connection.
2015-06-02 14:59:23 DEBUG ClientManager:45 - Sending the request.
2015-06-02 14:59:23 DEBUG ClientManager:54 - Receiving the response.
2015-06-02 14:59:23 INFO  ClientManager:63 - RESPONSE: {"id":15,"filmId":0,"cinemaRoomId":-1,"startDate":"02.06.2015","endDate":"02.06.2015","numberOfReservations":-94928216,"available":true}
2015-06-02 14:59:23 DEBUG ClientManager:68 - Completed.
2015-06-02 14:59:23 DEBUG ClientManager:38 - Opening the connection.
2015-06-02 14:59:23 DEBUG ClientManager:45 - Sending the request.
2015-06-02 14:59:23 DEBUG ClientManager:54 - Receiving the response.
2015-06-02 14:59:24 INFO  ClientManager:63 - RESPONSE: {"id":16,"filmId":1,"cinemaRoomId":-1,"startDate":"02.06.2015","endDate":"02.06.2015","numberOfReservations":-929733254,"available":false}
2015-06-02 14:59:24 DEBUG ClientManager:68 - Completed.
2015-06-02 14:59:24 DEBUG ClientManager:38 - Opening the connection.
2015-06-02 14:59:24 DEBUG ClientManager:45 - Sending the request.
2015-06-02 14:59:24 DEBUG ClientManager:54 - Receiving the response.
2015-06-02 14:59:24 INFO  ClientManager:63 - RESPONSE: {"id":17,"filmId":2,"cinemaRoomId":-1,"startDate":"02.06.2015","endDate":"02.06.2015","numberOfReservations":-500777018,"available":false}
2015-06-02 14:59:24 DEBUG ClientManager:68 - Completed.
2015-06-02 14:59:24 DEBUG ClientManager:38 - Opening the connection.
2015-06-02 14:59:24 DEBUG ClientManager:45 - Sending the request.
2015-06-02 14:59:24 DEBUG ClientManager:54 - Receiving the response.
2015-06-02 14:59:24 INFO  ClientManager:63 - RESPONSE: {"id":18,"filmId":0,"cinemaRoomId":-1,"startDate":"02.06.2015","endDate":"02.06.2015","numberOfReservations":-753456916,"available":true}
2015-06-02 14:59:24 DEBUG ClientManager:68 - Completed.
2015-06-02 14:59:24 DEBUG ClientManager:38 - Opening the connection.
2015-06-02 14:59:24 DEBUG ClientManager:45 - Sending the request.
2015-06-02 14:59:24 DEBUG ClientManager:54 - Receiving the response.
2015-06-02 14:59:24 INFO  ClientManager:63 - RESPONSE: {"id":19,"filmId":1,"cinemaRoomId":-1,"startDate":"02.06.2015","endDate":"02.06.2015","numberOfReservations":-485018366,"available":false}
2015-06-02 14:59:24 DEBUG ClientManager:68 - Completed.
2015-06-02 14:59:24 DEBUG ClientManager:38 - Opening the connection.
2015-06-02 14:59:24 DEBUG ClientManager:45 - Sending the request.
2015-06-02 14:59:24 DEBUG ClientManager:54 - Receiving the response.
2015-06-02 14:59:24 INFO  ClientManager:60 - RESPONSE: Session id received - 3
2015-06-02 14:59:24 DEBUG ClientManager:68 - Completed.
2015-06-02 14:59:24 DEBUG ClientManager:38 - Opening the connection.
2015-06-02 14:59:24 DEBUG ClientManager:45 - Sending the request.
2015-06-02 14:59:24 DEBUG ClientManager:54 - Receiving the response.
2015-06-02 14:59:31 INFO  ClientManager:63 - RESPONSE: [{"id":2,"title":"Kati trexei me ti Mairi2","category":"Commedy","description":"Polu orraia tainia"}]
2015-06-02 14:59:31 DEBUG ClientManager:68 - Completed.
2015-06-02 14:59:31 DEBUG ClientManager:38 - Opening the connection.
2015-06-02 14:59:31 DEBUG ClientManager:45 - Sending the request.
2015-06-02 14:59:31 DEBUG ClientManager:54 - Receiving the response.
2015-06-02 14:59:41 INFO  ClientManager:63 - RESPONSE: []
2015-06-02 14:59:41 DEBUG ClientManager:68 - Completed.
2015-06-02 14:59:57 DEBUG ClientManager:38 - Opening the connection.
2015-06-02 14:59:57 INFO  PropertiesUtilities:31 - Property file loaded successfully.
2015-06-02 14:59:57 DEBUG ClientManager:45 - Sending the request.
2015-06-02 14:59:57 DEBUG ClientManager:54 - Receiving the response.
2015-06-02 14:59:57 INFO  ClientManager:60 - RESPONSE: Session id received - 4
2015-06-02 14:59:57 DEBUG ClientManager:68 - Completed.
2015-06-02 14:59:57 DEBUG ClientManager:38 - Opening the connection.
2015-06-02 14:59:57 DEBUG ClientManager:45 - Sending the request.
2015-06-02 14:59:57 DEBUG ClientManager:54 - Receiving the response.
2015-06-02 14:59:57 INFO  ClientManager:63 - RESPONSE: {"name":"Content Adminopoulos","username":"contentable","password":"0E4D7DDF18FEE3FABC96B233950F87DF"}
2015-06-02 14:59:57 DEBUG ClientManager:68 - Completed.
2015-06-02 14:59:57 DEBUG ClientManager:38 - Opening the connection.
2015-06-02 14:59:57 DEBUG ClientManager:45 - Sending the request.
2015-06-02 14:59:57 DEBUG ClientManager:54 - Receiving the response.
2015-06-02 14:59:57 INFO  ClientManager:63 - RESPONSE: {"id":0,"filmId":0,"cinemaRoomId":-1,"startDate":"02.06.2015","endDate":"02.06.2015","numberOfReservations":-1166257546,"available":true}
2015-06-02 14:59:57 DEBUG ClientManager:68 - Completed.
2015-06-02 14:59:57 DEBUG ClientManager:38 - Opening the connection.
2015-06-02 14:59:57 DEBUG ClientManager:45 - Sending the request.
2015-06-02 14:59:57 DEBUG ClientManager:54 - Receiving the response.
2015-06-02 14:59:57 INFO  ClientManager:63 - RESPONSE: {"id":1,"filmId":1,"cinemaRoomId":-1,"startDate":"02.06.2015","endDate":"02.06.2015","numberOfReservations":1564841655,"available":false}
2015-06-02 14:59:57 DEBUG ClientManager:68 - Completed.
2015-06-02 14:59:57 DEBUG ClientManager:38 - Opening the connection.
2015-06-02 14:59:57 DEBUG ClientManager:45 - Sending the request.
2015-06-02 14:59:57 DEBUG ClientManager:54 - Receiving the response.
2015-06-02 14:59:57 INFO  ClientManager:63 - RESPONSE: {"id":2,"filmId":2,"cinemaRoomId":-1,"startDate":"02.06.2015","endDate":"02.06.2015","numberOfReservations":-52486579,"available":false}
2015-06-02 14:59:57 DEBUG ClientManager:68 - Completed.
2015-06-02 14:59:57 DEBUG ClientManager:38 - Opening the connection.
2015-06-02 14:59:57 DEBUG ClientManager:45 - Sending the request.
2015-06-02 14:59:57 DEBUG ClientManager:54 - Receiving the response.
2015-06-02 14:59:57 INFO  ClientManager:63 - RESPONSE: {"id":3,"filmId":0,"cinemaRoomId":-1,"startDate":"02.06.2015","endDate":"02.06.2015","numberOfReservations":158885860,"available":true}
2015-06-02 14:59:57 DEBUG ClientManager:68 - Completed.
2015-06-02 14:59:57 DEBUG ClientManager:38 - Opening the connection.
2015-06-02 14:59:57 DEBUG ClientManager:45 - Sending the request.
2015-06-02 14:59:57 DEBUG ClientManager:54 - Receiving the response.
2015-06-02 14:59:57 INFO  ClientManager:63 - RESPONSE: {"id":4,"filmId":1,"cinemaRoomId":-1,"startDate":"02.06.2015","endDate":"02.06.2015","numberOfReservations":-1693311323,"available":false}
2015-06-02 14:59:57 DEBUG ClientManager:68 - Completed.
2015-06-02 14:59:57 DEBUG ClientManager:38 - Opening the connection.
2015-06-02 14:59:57 DEBUG ClientManager:45 - Sending the request.
2015-06-02 14:59:57 DEBUG ClientManager:54 - Receiving the response.
2015-06-02 14:59:57 INFO  ClientManager:63 - RESPONSE: {"id":5,"filmId":2,"cinemaRoomId":-1,"startDate":"02.06.2015","endDate":"02.06.2015","numberOfReservations":-1416371156,"available":false}
2015-06-02 14:59:57 DEBUG ClientManager:68 - Completed.
2015-06-02 14:59:57 DEBUG ClientManager:38 - Opening the connection.
2015-06-02 14:59:57 DEBUG ClientManager:45 - Sending the request.
2015-06-02 14:59:57 DEBUG ClientManager:54 - Receiving the response.
2015-06-02 14:59:57 INFO  ClientManager:63 - RESPONSE: {"id":6,"filmId":0,"cinemaRoomId":-1,"startDate":"02.06.2015","endDate":"02.06.2015","numberOfReservations":1951109561,"available":true}
2015-06-02 14:59:57 DEBUG ClientManager:68 - Completed.
2015-06-02 14:59:57 DEBUG ClientManager:38 - Opening the connection.
2015-06-02 14:59:57 DEBUG ClientManager:45 - Sending the request.
2015-06-02 14:59:57 DEBUG ClientManager:54 - Receiving the response.
2015-06-02 14:59:57 INFO  ClientManager:63 - RESPONSE: {"id":7,"filmId":1,"cinemaRoomId":-1,"startDate":"02.06.2015","endDate":"02.06.2015","numberOfReservations":1241693413,"available":false}
2015-06-02 14:59:57 DEBUG ClientManager:68 - Completed.
2015-06-02 14:59:57 DEBUG ClientManager:38 - Opening the connection.
2015-06-02 14:59:57 DEBUG ClientManager:45 - Sending the request.
2015-06-02 14:59:57 DEBUG ClientManager:54 - Receiving the response.
2015-06-02 14:59:57 INFO  ClientManager:63 - RESPONSE: {"id":8,"filmId":2,"cinemaRoomId":-1,"startDate":"02.06.2015","endDate":"02.06.2015","numberOfReservations":-157012269,"available":false}
2015-06-02 14:59:57 DEBUG ClientManager:68 - Completed.
2015-06-02 14:59:57 DEBUG ClientManager:38 - Opening the connection.
2015-06-02 14:59:57 DEBUG ClientManager:45 - Sending the request.
2015-06-02 14:59:57 DEBUG ClientManager:54 - Receiving the response.
2015-06-02 14:59:57 INFO  ClientManager:63 - RESPONSE: {"id":9,"filmId":0,"cinemaRoomId":-1,"startDate":"02.06.2015","endDate":"02.06.2015","numberOfReservations":-862108974,"available":true}
2015-06-02 14:59:57 DEBUG ClientManager:68 - Completed.
2015-06-02 14:59:57 DEBUG ClientManager:38 - Opening the connection.
2015-06-02 14:59:57 DEBUG ClientManager:45 - Sending the request.
2015-06-02 14:59:57 DEBUG ClientManager:54 - Receiving the response.
2015-06-02 14:59:57 INFO  ClientManager:63 - RESPONSE: {"id":10,"filmId":1,"cinemaRoomId":-1,"startDate":"02.06.2015","endDate":"02.06.2015","numberOfReservations":748975349,"available":false}
2015-06-02 14:59:57 DEBUG ClientManager:68 - Completed.
2015-06-02 14:59:57 DEBUG ClientManager:38 - Opening the connection.
2015-06-02 14:59:57 DEBUG ClientManager:45 - Sending the request.
2015-06-02 14:59:57 DEBUG ClientManager:54 - Receiving the response.
2015-06-02 14:59:57 INFO  ClientManager:63 - RESPONSE: {"id":11,"filmId":2,"cinemaRoomId":-1,"startDate":"02.06.2015","endDate":"02.06.2015","numberOfReservations":1939851796,"available":false}
2015-06-02 14:59:57 DEBUG ClientManager:68 - Completed.
2015-06-02 14:59:57 DEBUG ClientManager:38 - Opening the connection.
2015-06-02 14:59:57 DEBUG ClientManager:45 - Sending the request.
2015-06-02 14:59:57 DEBUG ClientManager:54 - Receiving the response.
2015-06-02 14:59:57 INFO  ClientManager:63 - RESPONSE: {"id":12,"filmId":0,"cinemaRoomId":-1,"startDate":"02.06.2015","endDate":"02.06.2015","numberOfReservations":-1788309840,"available":true}
2015-06-02 14:59:57 DEBUG ClientManager:68 - Completed.
2015-06-02 14:59:57 DEBUG ClientManager:38 - Opening the connection.
2015-06-02 14:59:57 DEBUG ClientManager:45 - Sending the request.
2015-06-02 14:59:57 DEBUG ClientManager:54 - Receiving the response.
2015-06-02 14:59:57 INFO  ClientManager:63 - RESPONSE: {"id":13,"filmId":1,"cinemaRoomId":-1,"startDate":"02.06.2015","endDate":"02.06.2015","numberOfReservations":-359831903,"available":false}
2015-06-02 14:59:57 DEBUG ClientManager:68 - Completed.
2015-06-02 14:59:57 DEBUG ClientManager:38 - Opening the connection.
2015-06-02 14:59:57 DEBUG ClientManager:45 - Sending the request.
2015-06-02 14:59:57 DEBUG ClientManager:54 - Receiving the response.
2015-06-02 14:59:57 INFO  ClientManager:63 - RESPONSE: {"id":14,"filmId":2,"cinemaRoomId":-1,"startDate":"02.06.2015","endDate":"02.06.2015","numberOfReservations":-1178927677,"available":false}
2015-06-02 14:59:57 DEBUG ClientManager:68 - Completed.
2015-06-02 14:59:57 DEBUG ClientManager:38 - Opening the connection.
2015-06-02 14:59:57 DEBUG ClientManager:45 - Sending the request.
2015-06-02 14:59:57 DEBUG ClientManager:54 - Receiving the response.
2015-06-02 14:59:57 INFO  ClientManager:63 - RESPONSE: {"id":15,"filmId":0,"cinemaRoomId":-1,"startDate":"02.06.2015","endDate":"02.06.2015","numberOfReservations":-94928216,"available":true}
2015-06-02 14:59:57 DEBUG ClientManager:68 - Completed.
2015-06-02 14:59:57 DEBUG ClientManager:38 - Opening the connection.
2015-06-02 14:59:57 DEBUG ClientManager:45 - Sending the request.
2015-06-02 14:59:57 DEBUG ClientManager:54 - Receiving the response.
2015-06-02 14:59:57 INFO  ClientManager:63 - RESPONSE: {"id":16,"filmId":1,"cinemaRoomId":-1,"startDate":"02.06.2015","endDate":"02.06.2015","numberOfReservations":-929733254,"available":false}
2015-06-02 14:59:57 DEBUG ClientManager:68 - Completed.
2015-06-02 14:59:57 DEBUG ClientManager:38 - Opening the connection.
2015-06-02 14:59:57 DEBUG ClientManager:45 - Sending the request.
2015-06-02 14:59:57 DEBUG ClientManager:54 - Receiving the response.
2015-06-02 14:59:57 INFO  ClientManager:63 - RESPONSE: {"id":17,"filmId":2,"cinemaRoomId":-1,"startDate":"02.06.2015","endDate":"02.06.2015","numberOfReservations":-500777018,"available":false}
2015-06-02 14:59:57 DEBUG ClientManager:68 - Completed.
2015-06-02 14:59:57 DEBUG ClientManager:38 - Opening the connection.
2015-06-02 14:59:57 DEBUG ClientManager:45 - Sending the request.
2015-06-02 14:59:57 DEBUG ClientManager:54 - Receiving the response.
2015-06-02 14:59:57 INFO  ClientManager:63 - RESPONSE: {"id":18,"filmId":0,"cinemaRoomId":-1,"startDate":"02.06.2015","endDate":"02.06.2015","numberOfReservations":-753456916,"available":true}
2015-06-02 14:59:57 DEBUG ClientManager:68 - Completed.
2015-06-02 14:59:57 DEBUG ClientManager:38 - Opening the connection.
2015-06-02 14:59:57 DEBUG ClientManager:45 - Sending the request.
2015-06-02 14:59:57 DEBUG ClientManager:54 - Receiving the response.
2015-06-02 14:59:57 INFO  ClientManager:63 - RESPONSE: {"id":19,"filmId":1,"cinemaRoomId":-1,"startDate":"02.06.2015","endDate":"02.06.2015","numberOfReservations":-485018366,"available":false}
2015-06-02 14:59:57 DEBUG ClientManager:68 - Completed.
2015-06-02 14:59:57 DEBUG ClientManager:38 - Opening the connection.
2015-06-02 14:59:57 DEBUG ClientManager:45 - Sending the request.
2015-06-02 14:59:57 DEBUG ClientManager:54 - Receiving the response.
2015-06-02 14:59:57 INFO  ClientManager:60 - RESPONSE: Session id received - 5
2015-06-02 14:59:57 DEBUG ClientManager:68 - Completed.
2015-06-02 14:59:57 DEBUG ClientManager:38 - Opening the connection.
2015-06-02 14:59:57 DEBUG ClientManager:45 - Sending the request.
2015-06-02 14:59:57 DEBUG ClientManager:54 - Receiving the response.
2015-06-02 14:59:57 INFO  ClientManager:63 - RESPONSE: [{"id":2,"title":"Kati trexei me ti Mairi2","category":"Commedy","description":"Polu orraia tainia"}]
2015-06-02 14:59:57 DEBUG ClientManager:68 - Completed.
2015-06-02 14:59:57 DEBUG ClientManager:38 - Opening the connection.
2015-06-02 14:59:57 DEBUG ClientManager:45 - Sending the request.
2015-06-02 14:59:57 DEBUG ClientManager:54 - Receiving the response.
2015-06-02 15:00:20 ERROR ClientManager:66 - Server connection failed.
java.io.EOFException
	at java.io.DataInputStream.readUnsignedShort(DataInputStream.java:340)
	at java.io.DataInputStream.readUTF(DataInputStream.java:589)
	at java.io.DataInputStream.readUTF(DataInputStream.java:564)
	at gr.unipi.mainpackage.client.service.ClientManager.run(ClientManager.java:56)
2015-06-02 15:00:20 DEBUG ClientManager:68 - Completed.
2015-06-02 15:00:55 DEBUG ClientManager:38 - Opening the connection.
2015-06-02 15:00:55 INFO  PropertiesUtilities:31 - Property file loaded successfully.
2015-06-02 15:00:55 DEBUG ClientManager:45 - Sending the request.
2015-06-02 15:00:55 DEBUG ClientManager:54 - Receiving the response.
2015-06-02 15:00:55 INFO  ClientManager:60 - RESPONSE: Session id received - 2
2015-06-02 15:00:55 DEBUG ClientManager:68 - Completed.
2015-06-02 15:00:55 DEBUG ClientManager:38 - Opening the connection.
2015-06-02 15:00:55 DEBUG ClientManager:45 - Sending the request.
2015-06-02 15:00:55 DEBUG ClientManager:54 - Receiving the response.
2015-06-02 15:00:55 INFO  ClientManager:63 - RESPONSE: {"name":"Content Adminopoulos","username":"contentable","password":"0E4D7DDF18FEE3FABC96B233950F87DF"}
2015-06-02 15:00:55 DEBUG ClientManager:68 - Completed.
2015-06-02 15:00:55 DEBUG ClientManager:38 - Opening the connection.
2015-06-02 15:00:55 DEBUG ClientManager:45 - Sending the request.
2015-06-02 15:00:55 DEBUG ClientManager:54 - Receiving the response.
2015-06-02 15:00:55 INFO  ClientManager:63 - RESPONSE: {"id":0,"filmId":0,"cinemaRoomId":-1,"startDate":"02.06.2015","endDate":"02.06.2015","numberOfReservations":-1166257546,"available":true}
2015-06-02 15:00:55 DEBUG ClientManager:68 - Completed.
2015-06-02 15:00:55 DEBUG ClientManager:38 - Opening the connection.
2015-06-02 15:00:55 DEBUG ClientManager:45 - Sending the request.
2015-06-02 15:00:55 DEBUG ClientManager:54 - Receiving the response.
2015-06-02 15:00:55 INFO  ClientManager:63 - RESPONSE: {"id":1,"filmId":1,"cinemaRoomId":-1,"startDate":"02.06.2015","endDate":"02.06.2015","numberOfReservations":1564841655,"available":false}
2015-06-02 15:00:55 DEBUG ClientManager:68 - Completed.
2015-06-02 15:00:55 DEBUG ClientManager:38 - Opening the connection.
2015-06-02 15:00:55 DEBUG ClientManager:45 - Sending the request.
2015-06-02 15:00:55 DEBUG ClientManager:54 - Receiving the response.
2015-06-02 15:00:55 INFO  ClientManager:63 - RESPONSE: {"id":2,"filmId":2,"cinemaRoomId":-1,"startDate":"02.06.2015","endDate":"02.06.2015","numberOfReservations":-52486579,"available":false}
2015-06-02 15:00:55 DEBUG ClientManager:68 - Completed.
2015-06-02 15:00:55 DEBUG ClientManager:38 - Opening the connection.
2015-06-02 15:00:55 DEBUG ClientManager:45 - Sending the request.
2015-06-02 15:00:55 DEBUG ClientManager:54 - Receiving the response.
2015-06-02 15:00:55 INFO  ClientManager:63 - RESPONSE: {"id":3,"filmId":0,"cinemaRoomId":-1,"startDate":"02.06.2015","endDate":"02.06.2015","numberOfReservations":158885860,"available":true}
2015-06-02 15:00:55 DEBUG ClientManager:68 - Completed.
2015-06-02 15:00:55 DEBUG ClientManager:38 - Opening the connection.
2015-06-02 15:00:55 DEBUG ClientManager:45 - Sending the request.
2015-06-02 15:00:55 DEBUG ClientManager:54 - Receiving the response.
2015-06-02 15:00:55 INFO  ClientManager:63 - RESPONSE: {"id":4,"filmId":1,"cinemaRoomId":-1,"startDate":"02.06.2015","endDate":"02.06.2015","numberOfReservations":-1693311323,"available":false}
2015-06-02 15:00:55 DEBUG ClientManager:68 - Completed.
2015-06-02 15:00:55 DEBUG ClientManager:38 - Opening the connection.
2015-06-02 15:00:55 DEBUG ClientManager:45 - Sending the request.
2015-06-02 15:00:55 DEBUG ClientManager:54 - Receiving the response.
2015-06-02 15:00:55 INFO  ClientManager:63 - RESPONSE: {"id":5,"filmId":2,"cinemaRoomId":-1,"startDate":"02.06.2015","endDate":"02.06.2015","numberOfReservations":-1416371156,"available":false}
2015-06-02 15:00:55 DEBUG ClientManager:68 - Completed.
2015-06-02 15:00:55 DEBUG ClientManager:38 - Opening the connection.
2015-06-02 15:00:55 DEBUG ClientManager:45 - Sending the request.
2015-06-02 15:00:55 DEBUG ClientManager:54 - Receiving the response.
2015-06-02 15:00:55 INFO  ClientManager:63 - RESPONSE: {"id":6,"filmId":0,"cinemaRoomId":-1,"startDate":"02.06.2015","endDate":"02.06.2015","numberOfReservations":1951109561,"available":true}
2015-06-02 15:00:55 DEBUG ClientManager:68 - Completed.
2015-06-02 15:00:55 DEBUG ClientManager:38 - Opening the connection.
2015-06-02 15:00:55 DEBUG ClientManager:45 - Sending the request.
2015-06-02 15:00:55 DEBUG ClientManager:54 - Receiving the response.
2015-06-02 15:00:55 INFO  ClientManager:63 - RESPONSE: {"id":7,"filmId":1,"cinemaRoomId":-1,"startDate":"02.06.2015","endDate":"02.06.2015","numberOfReservations":1241693413,"available":false}
2015-06-02 15:00:55 DEBUG ClientManager:68 - Completed.
2015-06-02 15:00:55 DEBUG ClientManager:38 - Opening the connection.
2015-06-02 15:00:55 DEBUG ClientManager:45 - Sending the request.
2015-06-02 15:00:55 DEBUG ClientManager:54 - Receiving the response.
2015-06-02 15:00:55 INFO  ClientManager:63 - RESPONSE: {"id":8,"filmId":2,"cinemaRoomId":-1,"startDate":"02.06.2015","endDate":"02.06.2015","numberOfReservations":-157012269,"available":false}
2015-06-02 15:00:55 DEBUG ClientManager:68 - Completed.
2015-06-02 15:00:55 DEBUG ClientManager:38 - Opening the connection.
2015-06-02 15:00:55 DEBUG ClientManager:45 - Sending the request.
2015-06-02 15:00:55 DEBUG ClientManager:54 - Receiving the response.
2015-06-02 15:00:55 INFO  ClientManager:63 - RESPONSE: {"id":9,"filmId":0,"cinemaRoomId":-1,"startDate":"02.06.2015","endDate":"02.06.2015","numberOfReservations":-862108974,"available":true}
2015-06-02 15:00:55 DEBUG ClientManager:68 - Completed.
2015-06-02 15:00:55 DEBUG ClientManager:38 - Opening the connection.
2015-06-02 15:00:55 DEBUG ClientManager:45 - Sending the request.
2015-06-02 15:00:55 DEBUG ClientManager:54 - Receiving the response.
2015-06-02 15:00:55 INFO  ClientManager:63 - RESPONSE: {"id":10,"filmId":1,"cinemaRoomId":-1,"startDate":"02.06.2015","endDate":"02.06.2015","numberOfReservations":748975349,"available":false}
2015-06-02 15:00:55 DEBUG ClientManager:68 - Completed.
2015-06-02 15:00:55 DEBUG ClientManager:38 - Opening the connection.
2015-06-02 15:00:55 DEBUG ClientManager:45 - Sending the request.
2015-06-02 15:00:55 DEBUG ClientManager:54 - Receiving the response.
2015-06-02 15:00:55 INFO  ClientManager:63 - RESPONSE: {"id":11,"filmId":2,"cinemaRoomId":-1,"startDate":"02.06.2015","endDate":"02.06.2015","numberOfReservations":1939851796,"available":false}
2015-06-02 15:00:55 DEBUG ClientManager:68 - Completed.
2015-06-02 15:00:55 DEBUG ClientManager:38 - Opening the connection.
2015-06-02 15:00:55 DEBUG ClientManager:45 - Sending the request.
2015-06-02 15:00:55 DEBUG ClientManager:54 - Receiving the response.
2015-06-02 15:00:55 INFO  ClientManager:63 - RESPONSE: {"id":12,"filmId":0,"cinemaRoomId":-1,"startDate":"02.06.2015","endDate":"02.06.2015","numberOfReservations":-1788309840,"available":true}
2015-06-02 15:00:55 DEBUG ClientManager:68 - Completed.
2015-06-02 15:00:55 DEBUG ClientManager:38 - Opening the connection.
2015-06-02 15:00:55 DEBUG ClientManager:45 - Sending the request.
2015-06-02 15:00:55 DEBUG ClientManager:54 - Receiving the response.
2015-06-02 15:00:55 INFO  ClientManager:63 - RESPONSE: {"id":13,"filmId":1,"cinemaRoomId":-1,"startDate":"02.06.2015","endDate":"02.06.2015","numberOfReservations":-359831903,"available":false}
2015-06-02 15:00:55 DEBUG ClientManager:68 - Completed.
2015-06-02 15:00:55 DEBUG ClientManager:38 - Opening the connection.
2015-06-02 15:00:55 DEBUG ClientManager:45 - Sending the request.
2015-06-02 15:00:55 DEBUG ClientManager:54 - Receiving the response.
2015-06-02 15:00:55 INFO  ClientManager:63 - RESPONSE: {"id":14,"filmId":2,"cinemaRoomId":-1,"startDate":"02.06.2015","endDate":"02.06.2015","numberOfReservations":-1178927677,"available":false}
2015-06-02 15:00:55 DEBUG ClientManager:68 - Completed.
2015-06-02 15:00:55 DEBUG ClientManager:38 - Opening the connection.
2015-06-02 15:00:55 DEBUG ClientManager:45 - Sending the request.
2015-06-02 15:00:55 DEBUG ClientManager:54 - Receiving the response.
2015-06-02 15:00:55 INFO  ClientManager:63 - RESPONSE: {"id":15,"filmId":0,"cinemaRoomId":-1,"startDate":"02.06.2015","endDate":"02.06.2015","numberOfReservations":-94928216,"available":true}
2015-06-02 15:00:55 DEBUG ClientManager:68 - Completed.
2015-06-02 15:00:55 DEBUG ClientManager:38 - Opening the connection.
2015-06-02 15:00:55 DEBUG ClientManager:45 - Sending the request.
2015-06-02 15:00:55 DEBUG ClientManager:54 - Receiving the response.
2015-06-02 15:00:55 INFO  ClientManager:63 - RESPONSE: {"id":16,"filmId":1,"cinemaRoomId":-1,"startDate":"02.06.2015","endDate":"02.06.2015","numberOfReservations":-929733254,"available":false}
2015-06-02 15:00:55 DEBUG ClientManager:68 - Completed.
2015-06-02 15:00:55 DEBUG ClientManager:38 - Opening the connection.
2015-06-02 15:00:55 DEBUG ClientManager:45 - Sending the request.
2015-06-02 15:00:55 DEBUG ClientManager:54 - Receiving the response.
2015-06-02 15:00:55 INFO  ClientManager:63 - RESPONSE: {"id":17,"filmId":2,"cinemaRoomId":-1,"startDate":"02.06.2015","endDate":"02.06.2015","numberOfReservations":-500777018,"available":false}
2015-06-02 15:00:55 DEBUG ClientManager:68 - Completed.
2015-06-02 15:00:55 DEBUG ClientManager:38 - Opening the connection.
2015-06-02 15:00:55 DEBUG ClientManager:45 - Sending the request.
2015-06-02 15:00:55 DEBUG ClientManager:54 - Receiving the response.
2015-06-02 15:00:55 INFO  ClientManager:63 - RESPONSE: {"id":18,"filmId":0,"cinemaRoomId":-1,"startDate":"02.06.2015","endDate":"02.06.2015","numberOfReservations":-753456916,"available":true}
2015-06-02 15:00:55 DEBUG ClientManager:68 - Completed.
2015-06-02 15:00:55 DEBUG ClientManager:38 - Opening the connection.
2015-06-02 15:00:55 DEBUG ClientManager:45 - Sending the request.
2015-06-02 15:00:55 DEBUG ClientManager:54 - Receiving the response.
2015-06-02 15:00:55 INFO  ClientManager:63 - RESPONSE: {"id":19,"filmId":1,"cinemaRoomId":-1,"startDate":"02.06.2015","endDate":"02.06.2015","numberOfReservations":-485018366,"available":false}
2015-06-02 15:00:55 DEBUG ClientManager:68 - Completed.
2015-06-02 15:00:55 DEBUG ClientManager:38 - Opening the connection.
2015-06-02 15:00:55 DEBUG ClientManager:45 - Sending the request.
2015-06-02 15:00:55 DEBUG ClientManager:54 - Receiving the response.
2015-06-02 15:00:55 INFO  ClientManager:60 - RESPONSE: Session id received - 3
2015-06-02 15:00:55 DEBUG ClientManager:68 - Completed.
2015-06-02 15:00:55 DEBUG ClientManager:38 - Opening the connection.
2015-06-02 15:00:55 DEBUG ClientManager:45 - Sending the request.
2015-06-02 15:00:55 DEBUG ClientManager:54 - Receiving the response.
2015-06-02 15:00:55 INFO  ClientManager:63 - RESPONSE: [{"id":2,"title":"Kati trexei me ti Mairi2","category":"Commedy","description":"Polu orraia tainia"}]
2015-06-02 15:00:55 DEBUG ClientManager:68 - Completed.
2015-06-02 15:00:55 DEBUG ClientManager:38 - Opening the connection.
2015-06-02 15:00:55 DEBUG ClientManager:45 - Sending the request.
2015-06-02 15:00:55 DEBUG ClientManager:54 - Receiving the response.
2015-06-02 15:01:03 INFO  ClientManager:63 - RESPONSE: [{"id":2,"filmId":2,"cinemaRoomId":-1,"startDate":"02.06.2015","endDate":"02.06.2015","numberOfReservations":-52486579,"available":false},{"id":5,"filmId":2,"cinemaRoomId":-1,"startDate":"02.06.2015","endDate":"02.06.2015","numberOfReservations":-1416371156,"available":false},{"id":8,"filmId":2,"cinemaRoomId":-1,"startDate":"02.06.2015","endDate":"02.06.2015","numberOfReservations":-157012269,"available":false},{"id":11,"filmId":2,"cinemaRoomId":-1,"startDate":"02.06.2015","endDate":"02.06.2015","numberOfReservations":1939851796,"available":false},{"id":14,"filmId":2,"cinemaRoomId":-1,"startDate":"02.06.2015","endDate":"02.06.2015","numberOfReservations":-1178927677,"available":false},{"id":17,"filmId":2,"cinemaRoomId":-1,"startDate":"02.06.2015","endDate":"02.06.2015","numberOfReservations":-500777018,"available":false}]
2015-06-02 15:01:03 DEBUG ClientManager:68 - Completed.
